{"/Users/xyz/Sites/github/connect-cas2/index.js":{"path":"/Users/xyz/Sites/github/connect-cas2/index.js","s":{"1":1,"2":1,"3":1,"4":1,"5":1,"6":1,"7":1,"8":1,"9":1,"10":1,"11":1,"12":1,"13":1,"14":1,"15":38,"16":0,"17":38,"18":38,"19":0,"20":38,"21":37,"22":38,"23":0,"24":38,"25":0,"26":38,"27":38,"28":1,"29":1,"30":38,"31":38,"32":38,"33":79,"34":0,"35":79,"36":0,"37":79,"38":79,"39":79,"40":79,"41":79,"42":79,"43":79,"44":79,"45":79,"46":8,"47":8,"48":0,"49":79,"50":25,"51":25,"52":25,"53":25,"54":25,"55":25,"56":0,"57":0,"58":79,"59":8,"60":8,"61":71,"62":3,"63":68,"64":66,"65":19,"66":15,"67":32,"68":2,"69":2,"70":0,"71":1,"72":38,"73":38,"74":1,"75":0,"76":1,"77":1,"78":0,"79":1,"80":1,"81":0,"82":1},"b":{"1":[0,38],"2":[0,38],"3":[38,38],"4":[37,1],"5":[38,38],"6":[38,0],"7":[0,38],"8":[38,38],"9":[38,5],"10":[0,38],"11":[38,0],"12":[0,79],"13":[0,79],"14":[79,0],"15":[79,0],"16":[8,71],"17":[79,79,79],"18":[25,0],"19":[25,0],"20":[7,18],"21":[8,71],"22":[3,68],"23":[66,2],"24":[19,15,32],"25":[2,0],"26":[2,2,2],"27":[0,1],"28":[1,0]},"f":{"1":38,"2":0,"3":0,"4":38,"5":79,"6":25,"7":38,"8":1,"9":0},"fnMap":{"1":{"name":"ConnectCas","line":56,"loc":{"start":{"line":56,"column":0},"end":{"line":56,"column":29}}},"2":{"name":"(anonymous_2)","line":71,"loc":{"start":{"line":71,"column":39},"end":{"line":71,"column":59}}},"3":{"name":"(anonymous_3)","line":84,"loc":{"start":{"line":84,"column":37},"end":{"line":84,"column":48}}},"4":{"name":"(anonymous_4)","line":87,"loc":{"start":{"line":87,"column":28},"end":{"line":87,"column":39}}},"5":{"name":"(anonymous_5)","line":91,"loc":{"start":{"line":91,"column":9},"end":{"line":91,"column":34}}},"6":{"name":"(anonymous_6)","line":130,"loc":{"start":{"line":130,"column":25},"end":{"line":130,"column":73}}},"7":{"name":"(anonymous_7)","line":180,"loc":{"start":{"line":180,"column":30},"end":{"line":180,"column":41}}},"8":{"name":"(anonymous_8)","line":183,"loc":{"start":{"line":183,"column":9},"end":{"line":183,"column":34}}},"9":{"name":"(anonymous_9)","line":201,"loc":{"start":{"line":201,"column":31},"end":{"line":201,"column":46}}}},"statementMap":{"1":{"start":{"line":1,"column":0},"end":{"line":1,"column":26}},"2":{"start":{"line":3,"column":0},"end":{"line":3,"column":41}},"3":{"start":{"line":4,"column":0},"end":{"line":4,"column":51}},"4":{"start":{"line":5,"column":0},"end":{"line":5,"column":49}},"5":{"start":{"line":6,"column":0},"end":{"line":6,"column":31}},"6":{"start":{"line":7,"column":0},"end":{"line":7,"column":53}},"7":{"start":{"line":8,"column":0},"end":{"line":8,"column":87}},"8":{"start":{"line":9,"column":0},"end":{"line":9,"column":39}},"9":{"start":{"line":10,"column":0},"end":{"line":10,"column":35}},"10":{"start":{"line":11,"column":0},"end":{"line":11,"column":57}},"11":{"start":{"line":12,"column":0},"end":{"line":12,"column":25}},"12":{"start":{"line":13,"column":0},"end":{"line":13,"column":57}},"13":{"start":{"line":15,"column":0},"end":{"line":54,"column":2}},"14":{"start":{"line":56,"column":0},"end":{"line":82,"column":1}},"15":{"start":{"line":57,"column":2},"end":{"line":57,"column":68}},"16":{"start":{"line":57,"column":37},"end":{"line":57,"column":68}},"17":{"start":{"line":59,"column":2},"end":{"line":59,"column":55}},"18":{"start":{"line":61,"column":2},"end":{"line":61,"column":132}},"19":{"start":{"line":61,"column":63},"end":{"line":61,"column":132}},"20":{"start":{"line":63,"column":2},"end":{"line":68,"column":3}},"21":{"start":{"line":64,"column":4},"end":{"line":67,"column":7}},"22":{"start":{"line":71,"column":2},"end":{"line":73,"column":6}},"23":{"start":{"line":72,"column":6},"end":{"line":72,"column":47}},"24":{"start":{"line":75,"column":2},"end":{"line":77,"column":3}},"25":{"start":{"line":76,"column":4},"end":{"line":76,"column":76}},"26":{"start":{"line":79,"column":2},"end":{"line":79,"column":71}},"27":{"start":{"line":81,"column":2},"end":{"line":81,"column":117}},"28":{"start":{"line":84,"column":0},"end":{"line":85,"column":2}},"29":{"start":{"line":87,"column":0},"end":{"line":178,"column":2}},"30":{"start":{"line":88,"column":2},"end":{"line":88,"column":29}},"31":{"start":{"line":89,"column":2},"end":{"line":89,"column":18}},"32":{"start":{"line":91,"column":2},"end":{"line":177,"column":4}},"33":{"start":{"line":92,"column":4},"end":{"line":92,"column":108}},"34":{"start":{"line":92,"column":27},"end":{"line":92,"column":108}},"35":{"start":{"line":93,"column":4},"end":{"line":93,"column":79}},"36":{"start":{"line":93,"column":22},"end":{"line":93,"column":79}},"37":{"start":{"line":95,"column":4},"end":{"line":95,"column":28}},"38":{"start":{"line":96,"column":4},"end":{"line":96,"column":28}},"39":{"start":{"line":98,"column":4},"end":{"line":103,"column":6}},"40":{"start":{"line":105,"column":4},"end":{"line":105,"column":36}},"41":{"start":{"line":107,"column":4},"end":{"line":120,"column":5}},"42":{"start":{"line":108,"column":6},"end":{"line":119,"column":7}},"43":{"start":{"line":109,"column":8},"end":{"line":109,"column":72}},"44":{"start":{"line":111,"column":8},"end":{"line":116,"column":9}},"45":{"start":{"line":112,"column":10},"end":{"line":115,"column":11}},"46":{"start":{"line":113,"column":12},"end":{"line":113,"column":44}},"47":{"start":{"line":114,"column":12},"end":{"line":114,"column":18}},"48":{"start":{"line":118,"column":8},"end":{"line":118,"column":148}},"49":{"start":{"line":130,"column":4},"end":{"line":153,"column":6}},"50":{"start":{"line":132,"column":6},"end":{"line":137,"column":7}},"51":{"start":{"line":133,"column":8},"end":{"line":133,"column":32}},"52":{"start":{"line":134,"column":8},"end":{"line":136,"column":10}},"53":{"start":{"line":139,"column":6},"end":{"line":139,"column":49}},"54":{"start":{"line":141,"column":6},"end":{"line":152,"column":7}},"55":{"start":{"line":142,"column":8},"end":{"line":146,"column":65}},"56":{"start":{"line":148,"column":8},"end":{"line":148,"column":147}},"57":{"start":{"line":151,"column":8},"end":{"line":151,"column":19}},"58":{"start":{"line":155,"column":4},"end":{"line":158,"column":5}},"59":{"start":{"line":156,"column":6},"end":{"line":156,"column":83}},"60":{"start":{"line":157,"column":6},"end":{"line":157,"column":20}},"61":{"start":{"line":160,"column":4},"end":{"line":160,"column":64}},"62":{"start":{"line":160,"column":50},"end":{"line":160,"column":64}},"63":{"start":{"line":162,"column":4},"end":{"line":174,"column":5}},"64":{"start":{"line":163,"column":6},"end":{"line":170,"column":7}},"65":{"start":{"line":165,"column":10},"end":{"line":165,"column":59}},"66":{"start":{"line":167,"column":10},"end":{"line":167,"column":64}},"67":{"start":{"line":169,"column":10},"end":{"line":169,"column":63}},"68":{"start":{"line":172,"column":9},"end":{"line":174,"column":5}},"69":{"start":{"line":173,"column":6},"end":{"line":173,"column":50}},"70":{"start":{"line":176,"column":4},"end":{"line":176,"column":11}},"71":{"start":{"line":180,"column":0},"end":{"line":199,"column":2}},"72":{"start":{"line":181,"column":2},"end":{"line":181,"column":29}},"73":{"start":{"line":183,"column":2},"end":{"line":198,"column":4}},"74":{"start":{"line":184,"column":4},"end":{"line":186,"column":5}},"75":{"start":{"line":185,"column":6},"end":{"line":185,"column":31}},"76":{"start":{"line":189,"column":4},"end":{"line":194,"column":5}},"77":{"start":{"line":190,"column":6},"end":{"line":190,"column":28}},"78":{"start":{"line":193,"column":6},"end":{"line":193,"column":25}},"79":{"start":{"line":197,"column":4},"end":{"line":197,"column":58}},"80":{"start":{"line":201,"column":0},"end":{"line":203,"column":2}},"81":{"start":{"line":202,"column":2},"end":{"line":202,"column":43}},"82":{"start":{"line":205,"column":0},"end":{"line":205,"column":28}}},"branchMap":{"1":{"line":57,"type":"if","locations":[{"start":{"line":57,"column":2},"end":{"line":57,"column":2}},{"start":{"line":57,"column":2},"end":{"line":57,"column":2}}]},"2":{"line":61,"type":"if","locations":[{"start":{"line":61,"column":2},"end":{"line":61,"column":2}},{"start":{"line":61,"column":2},"end":{"line":61,"column":2}}]},"3":{"line":61,"type":"binary-expr","locations":[{"start":{"line":61,"column":6},"end":{"line":61,"column":33}},{"start":{"line":61,"column":37},"end":{"line":61,"column":61}}]},"4":{"line":63,"type":"if","locations":[{"start":{"line":63,"column":2},"end":{"line":63,"column":2}},{"start":{"line":63,"column":2},"end":{"line":63,"column":2}}]},"5":{"line":63,"type":"binary-expr","locations":[{"start":{"line":63,"column":6},"end":{"line":63,"column":24}},{"start":{"line":63,"column":28},"end":{"line":63,"column":53}}]},"6":{"line":71,"type":"binary-expr","locations":[{"start":{"line":71,"column":16},"end":{"line":71,"column":35}},{"start":{"line":71,"column":39},"end":{"line":73,"column":5}}]},"7":{"line":75,"type":"if","locations":[{"start":{"line":75,"column":2},"end":{"line":75,"column":2}},{"start":{"line":75,"column":2},"end":{"line":75,"column":2}}]},"8":{"line":75,"type":"binary-expr","locations":[{"start":{"line":75,"column":6},"end":{"line":75,"column":24}},{"start":{"line":75,"column":28},"end":{"line":75,"column":48}}]},"9":{"line":79,"type":"binary-expr","locations":[{"start":{"line":79,"column":25},"end":{"line":79,"column":57}},{"start":{"line":79,"column":61},"end":{"line":79,"column":63}}]},"10":{"line":81,"type":"cond-expr","locations":[{"start":{"line":81,"column":66},"end":{"line":81,"column":81}},{"start":{"line":81,"column":84},"end":{"line":81,"column":116}}]},"11":{"line":81,"type":"binary-expr","locations":[{"start":{"line":81,"column":32},"end":{"line":81,"column":47}},{"start":{"line":81,"column":51},"end":{"line":81,"column":62}}]},"12":{"line":92,"type":"if","locations":[{"start":{"line":92,"column":4},"end":{"line":92,"column":4}},{"start":{"line":92,"column":4},"end":{"line":92,"column":4}}]},"13":{"line":93,"type":"if","locations":[{"start":{"line":93,"column":4},"end":{"line":93,"column":4}},{"start":{"line":93,"column":4},"end":{"line":93,"column":4}}]},"14":{"line":107,"type":"if","locations":[{"start":{"line":107,"column":4},"end":{"line":107,"column":4}},{"start":{"line":107,"column":4},"end":{"line":107,"column":4}}]},"15":{"line":108,"type":"if","locations":[{"start":{"line":108,"column":6},"end":{"line":108,"column":6}},{"start":{"line":108,"column":6},"end":{"line":108,"column":6}}]},"16":{"line":112,"type":"if","locations":[{"start":{"line":112,"column":10},"end":{"line":112,"column":10}},{"start":{"line":112,"column":10},"end":{"line":112,"column":10}}]},"17":{"line":112,"type":"binary-expr","locations":[{"start":{"line":112,"column":14},"end":{"line":112,"column":43}},{"start":{"line":112,"column":47},"end":{"line":112,"column":106}},{"start":{"line":112,"column":110},"end":{"line":112,"column":152}}]},"18":{"line":132,"type":"if","locations":[{"start":{"line":132,"column":6},"end":{"line":132,"column":6}},{"start":{"line":132,"column":6},"end":{"line":132,"column":6}}]},"19":{"line":141,"type":"if","locations":[{"start":{"line":141,"column":6},"end":{"line":141,"column":6}},{"start":{"line":141,"column":6},"end":{"line":141,"column":6}}]},"20":{"line":142,"type":"cond-expr","locations":[{"start":{"line":142,"column":38},"end":{"line":145,"column":20}},{"start":{"line":146,"column":10},"end":{"line":146,"column":64}}]},"21":{"line":155,"type":"if","locations":[{"start":{"line":155,"column":4},"end":{"line":155,"column":4}},{"start":{"line":155,"column":4},"end":{"line":155,"column":4}}]},"22":{"line":160,"type":"if","locations":[{"start":{"line":160,"column":4},"end":{"line":160,"column":4}},{"start":{"line":160,"column":4},"end":{"line":160,"column":4}}]},"23":{"line":162,"type":"if","locations":[{"start":{"line":162,"column":4},"end":{"line":162,"column":4}},{"start":{"line":162,"column":4},"end":{"line":162,"column":4}}]},"24":{"line":163,"type":"switch","locations":[{"start":{"line":164,"column":8},"end":{"line":165,"column":59}},{"start":{"line":166,"column":8},"end":{"line":167,"column":64}},{"start":{"line":168,"column":8},"end":{"line":169,"column":63}}]},"25":{"line":172,"type":"if","locations":[{"start":{"line":172,"column":9},"end":{"line":172,"column":9}},{"start":{"line":172,"column":9},"end":{"line":172,"column":9}}]},"26":{"line":172,"type":"binary-expr","locations":[{"start":{"line":172,"column":13},"end":{"line":172,"column":30}},{"start":{"line":172,"column":34},"end":{"line":172,"column":69}},{"start":{"line":172,"column":73},"end":{"line":172,"column":84}}]},"27":{"line":184,"type":"if","locations":[{"start":{"line":184,"column":4},"end":{"line":184,"column":4}},{"start":{"line":184,"column":4},"end":{"line":184,"column":4}}]},"28":{"line":189,"type":"if","locations":[{"start":{"line":189,"column":4},"end":{"line":189,"column":4}},{"start":{"line":189,"column":4},"end":{"line":189,"column":4}}]}}},"/Users/xyz/Sites/github/connect-cas2/lib/validate.js":{"path":"/Users/xyz/Sites/github/connect-cas2/lib/validate.js","s":{"1":2,"2":2,"3":2,"4":2,"5":2,"6":2,"7":1,"8":19,"9":19,"10":19,"11":19,"12":19,"13":18,"14":18,"15":1,"16":1,"17":17,"18":17,"19":0,"20":17,"21":17,"22":16,"23":16,"24":1,"25":1,"26":1,"27":1,"28":15,"29":1,"30":14,"31":14,"32":14,"33":14,"34":14,"35":14,"36":14,"37":14,"38":0,"39":0,"40":14,"41":3,"42":0,"43":0,"44":3,"45":3,"46":3,"47":0,"48":0,"49":0,"50":3,"51":1,"52":1,"53":2,"54":3,"55":11,"56":1,"57":1,"58":1,"59":1,"60":1,"61":2,"62":1,"63":17,"64":17,"65":14,"66":17,"67":17,"68":17,"69":17,"70":0,"71":0,"72":0,"73":17,"74":1,"75":22,"76":22,"77":1,"78":1,"79":1,"80":21,"81":0,"82":0,"83":21,"84":21,"85":5,"86":5,"87":5,"88":16,"89":16,"90":28,"91":16,"92":1,"93":11,"94":11,"95":11,"96":0,"97":0,"98":0,"99":0,"100":11,"101":11,"102":11,"103":0,"104":0,"105":11,"106":11,"107":11,"108":0,"109":0,"110":0,"111":11,"112":11,"113":0,"114":0,"115":11,"116":11,"117":0,"118":0},"b":{"1":[19,19,1],"2":[18,1],"3":[1,17],"4":[18,18,1,1],"5":[0,17],"6":[16,1],"7":[1,15],"8":[1,0],"9":[1,1],"10":[1,14],"11":[15,15,15],"12":[14,0],"13":[0,14],"14":[3,11],"15":[0,3],"16":[0,3],"17":[1,2],"18":[3,1],"19":[14,3],"20":[0,17],"21":[1,21],"22":[0,21],"23":[21,16],"24":[5,16],"25":[0,11],"26":[11,0],"27":[11,11],"28":[0,11],"29":[11,11,11],"30":[0,11],"31":[0,11],"32":[11,0]},"f":{"1":19,"2":17,"3":16,"4":14,"5":3,"6":17,"7":17,"8":22,"9":22,"10":11,"11":11,"12":11},"fnMap":{"1":{"name":"validate","line":17,"loc":{"start":{"line":17,"column":0},"end":{"line":17,"column":51}}},"2":{"name":"(anonymous_2)","line":32,"loc":{"start":{"line":32,"column":41},"end":{"line":32,"column":65}}},"3":{"name":"(anonymous_3)","line":44,"loc":{"start":{"line":44,"column":48},"end":{"line":44,"column":68}}},"4":{"name":"(anonymous_4)","line":70,"loc":{"start":{"line":70,"column":94},"end":{"line":70,"column":108}}},"5":{"name":"(anonymous_5)","line":87,"loc":{"start":{"line":87,"column":31},"end":{"line":87,"column":45}}},"6":{"name":"validateTicket","line":136,"loc":{"start":{"line":136,"column":0},"end":{"line":136,"column":56}}},"7":{"name":"(anonymous_7)","line":148,"loc":{"start":{"line":148,"column":39},"end":{"line":148,"column":63}}},"8":{"name":"parseCasResponse","line":167,"loc":{"start":{"line":167,"column":0},"end":{"line":167,"column":53}}},"9":{"name":"(anonymous_9)","line":171,"loc":{"start":{"line":171,"column":5},"end":{"line":171,"column":36}}},"10":{"name":"retrievePGTFromPGTIOU","line":214,"loc":{"start":{"line":214,"column":0},"end":{"line":214,"column":66}}},"11":{"name":"(anonymous_11)","line":217,"loc":{"start":{"line":217,"column":31},"end":{"line":217,"column":54}}},"12":{"name":"(anonymous_12)","line":239,"loc":{"start":{"line":239,"column":23},"end":{"line":239,"column":37}}}},"statementMap":{"1":{"start":{"line":1,"column":0},"end":{"line":1,"column":25}},"2":{"start":{"line":2,"column":0},"end":{"line":2,"column":42}},"3":{"start":{"line":3,"column":0},"end":{"line":3,"column":43}},"4":{"start":{"line":4,"column":0},"end":{"line":4,"column":63}},"5":{"start":{"line":5,"column":0},"end":{"line":5,"column":27}},"6":{"start":{"line":6,"column":0},"end":{"line":6,"column":31}},"7":{"start":{"line":17,"column":0},"end":{"line":124,"column":1}},"8":{"start":{"line":19,"column":2},"end":{"line":19,"column":53}},"9":{"start":{"line":20,"column":2},"end":{"line":20,"column":28}},"10":{"start":{"line":21,"column":2},"end":{"line":21,"column":55}},"11":{"start":{"line":23,"column":2},"end":{"line":23,"column":44}},"12":{"start":{"line":25,"column":2},"end":{"line":123,"column":3}},"13":{"start":{"line":26,"column":4},"end":{"line":26,"column":48}},"14":{"start":{"line":27,"column":4},"end":{"line":30,"column":5}},"15":{"start":{"line":28,"column":6},"end":{"line":28,"column":93}},"16":{"start":{"line":29,"column":6},"end":{"line":29,"column":40}},"17":{"start":{"line":32,"column":4},"end":{"line":118,"column":7}},"18":{"start":{"line":34,"column":6},"end":{"line":39,"column":7}},"19":{"start":{"line":35,"column":8},"end":{"line":38,"column":11},"skip":true},"20":{"start":{"line":41,"column":6},"end":{"line":41,"column":73}},"21":{"start":{"line":42,"column":6},"end":{"line":117,"column":7}},"22":{"start":{"line":44,"column":8},"end":{"line":110,"column":11}},"23":{"start":{"line":45,"column":10},"end":{"line":51,"column":11}},"24":{"start":{"line":46,"column":12},"end":{"line":48,"column":14}},"25":{"start":{"line":49,"column":12},"end":{"line":49,"column":69}},"26":{"start":{"line":49,"column":38},"end":{"line":49,"column":69}},"27":{"start":{"line":50,"column":12},"end":{"line":50,"column":49}},"28":{"start":{"line":53,"column":10},"end":{"line":57,"column":11}},"29":{"start":{"line":54,"column":12},"end":{"line":56,"column":15}},"30":{"start":{"line":59,"column":10},"end":{"line":59,"column":48}},"31":{"start":{"line":61,"column":10},"end":{"line":61,"column":42}},"32":{"start":{"line":63,"column":10},"end":{"line":63,"column":33}},"33":{"start":{"line":65,"column":10},"end":{"line":65,"column":40}},"34":{"start":{"line":67,"column":10},"end":{"line":67,"column":38}},"35":{"start":{"line":69,"column":10},"end":{"line":77,"column":11}},"36":{"start":{"line":70,"column":12},"end":{"line":76,"column":15}},"37":{"start":{"line":72,"column":14},"end":{"line":75,"column":15}},"38":{"start":{"line":73,"column":16},"end":{"line":73,"column":88},"skip":true},"39":{"start":{"line":74,"column":16},"end":{"line":74,"column":34},"skip":true},"40":{"start":{"line":79,"column":10},"end":{"line":107,"column":11}},"41":{"start":{"line":80,"column":12},"end":{"line":104,"column":13}},"42":{"start":{"line":81,"column":14},"end":{"line":81,"column":125}},"43":{"start":{"line":82,"column":14},"end":{"line":84,"column":17}},"44":{"start":{"line":86,"column":14},"end":{"line":86,"column":106}},"45":{"start":{"line":87,"column":14},"end":{"line":103,"column":17}},"46":{"start":{"line":89,"column":16},"end":{"line":96,"column":17}},"47":{"start":{"line":90,"column":18},"end":{"line":90,"column":65},"skip":true},"48":{"start":{"line":91,"column":18},"end":{"line":91,"column":36},"skip":true},"49":{"start":{"line":92,"column":18},"end":{"line":95,"column":21},"skip":true},"50":{"start":{"line":97,"column":16},"end":{"line":100,"column":17}},"51":{"start":{"line":98,"column":18},"end":{"line":98,"column":99}},"52":{"start":{"line":99,"column":18},"end":{"line":99,"column":25}},"53":{"start":{"line":102,"column":16},"end":{"line":102,"column":50}},"54":{"start":{"line":106,"column":12},"end":{"line":106,"column":19}},"55":{"start":{"line":109,"column":10},"end":{"line":109,"column":67}},"56":{"start":{"line":113,"column":8},"end":{"line":113,"column":136}},"57":{"start":{"line":114,"column":8},"end":{"line":116,"column":11}},"58":{"start":{"line":120,"column":4},"end":{"line":120,"column":53}},"59":{"start":{"line":121,"column":4},"end":{"line":121,"column":80}},"60":{"start":{"line":122,"column":4},"end":{"line":122,"column":31}},"61":{"start":{"line":126,"column":0},"end":{"line":126,"column":26}},"62":{"start":{"line":136,"column":0},"end":{"line":158,"column":1}},"63":{"start":{"line":137,"column":2},"end":{"line":140,"column":4}},"64":{"start":{"line":142,"column":2},"end":{"line":142,"column":83}},"65":{"start":{"line":142,"column":35},"end":{"line":142,"column":83}},"66":{"start":{"line":144,"column":2},"end":{"line":144,"column":106}},"67":{"start":{"line":146,"column":2},"end":{"line":146,"column":86}},"68":{"start":{"line":148,"column":2},"end":{"line":157,"column":5}},"69":{"start":{"line":150,"column":4},"end":{"line":154,"column":5}},"70":{"start":{"line":151,"column":6},"end":{"line":151,"column":88},"skip":true},"71":{"start":{"line":152,"column":6},"end":{"line":152,"column":24},"skip":true},"72":{"start":{"line":153,"column":6},"end":{"line":153,"column":27},"skip":true},"73":{"start":{"line":156,"column":4},"end":{"line":156,"column":29}},"74":{"start":{"line":167,"column":0},"end":{"line":203,"column":1}},"75":{"start":{"line":168,"column":2},"end":{"line":202,"column":4}},"76":{"start":{"line":173,"column":4},"end":{"line":179,"column":5}},"77":{"start":{"line":174,"column":6},"end":{"line":174,"column":90},"skip":true},"78":{"start":{"line":175,"column":6},"end":{"line":175,"column":24},"skip":true},"79":{"start":{"line":176,"column":6},"end":{"line":178,"column":9},"skip":true},"80":{"start":{"line":181,"column":4},"end":{"line":186,"column":5}},"81":{"start":{"line":182,"column":6},"end":{"line":182,"column":51}},"82":{"start":{"line":183,"column":6},"end":{"line":185,"column":9}},"83":{"start":{"line":188,"column":4},"end":{"line":188,"column":100}},"84":{"start":{"line":190,"column":4},"end":{"line":194,"column":5}},"85":{"start":{"line":191,"column":6},"end":{"line":191,"column":102}},"86":{"start":{"line":192,"column":6},"end":{"line":192,"column":53}},"87":{"start":{"line":193,"column":6},"end":{"line":193,"column":32}},"88":{"start":{"line":196,"column":4},"end":{"line":196,"column":25}},"89":{"start":{"line":197,"column":4},"end":{"line":199,"column":5}},"90":{"start":{"line":198,"column":6},"end":{"line":198,"column":57}},"91":{"start":{"line":201,"column":4},"end":{"line":201,"column":39}},"92":{"start":{"line":214,"column":0},"end":{"line":269,"column":1}},"93":{"start":{"line":215,"column":2},"end":{"line":215,"column":57}},"94":{"start":{"line":217,"column":2},"end":{"line":268,"column":5}},"95":{"start":{"line":219,"column":4},"end":{"line":227,"column":5}},"96":{"start":{"line":220,"column":6},"end":{"line":220,"column":58},"skip":true},"97":{"start":{"line":221,"column":6},"end":{"line":221,"column":24},"skip":true},"98":{"start":{"line":222,"column":6},"end":{"line":222,"column":39},"skip":true},"99":{"start":{"line":223,"column":6},"end":{"line":226,"column":9},"skip":true},"100":{"start":{"line":229,"column":4},"end":{"line":267,"column":5}},"101":{"start":{"line":230,"column":6},"end":{"line":230,"column":59}},"102":{"start":{"line":232,"column":6},"end":{"line":235,"column":7}},"103":{"start":{"line":233,"column":8},"end":{"line":233,"column":75}},"104":{"start":{"line":234,"column":8},"end":{"line":234,"column":29}},"105":{"start":{"line":237,"column":6},"end":{"line":237,"column":42}},"106":{"start":{"line":239,"column":6},"end":{"line":261,"column":9}},"107":{"start":{"line":241,"column":8},"end":{"line":248,"column":9}},"108":{"start":{"line":242,"column":10},"end":{"line":242,"column":57},"skip":true},"109":{"start":{"line":243,"column":10},"end":{"line":243,"column":28},"skip":true},"110":{"start":{"line":244,"column":10},"end":{"line":247,"column":13},"skip":true},"111":{"start":{"line":251,"column":8},"end":{"line":251,"column":41}},"112":{"start":{"line":254,"column":8},"end":{"line":257,"column":9}},"113":{"start":{"line":255,"column":10},"end":{"line":255,"column":145},"skip":true},"114":{"start":{"line":256,"column":10},"end":{"line":256,"column":17},"skip":true},"115":{"start":{"line":259,"column":8},"end":{"line":259,"column":117}},"116":{"start":{"line":260,"column":8},"end":{"line":260,"column":42}},"117":{"start":{"line":263,"column":6},"end":{"line":263,"column":160}},"118":{"start":{"line":264,"column":6},"end":{"line":266,"column":9}}},"branchMap":{"1":{"line":19,"type":"binary-expr","locations":[{"start":{"line":19,"column":15},"end":{"line":19,"column":24}},{"start":{"line":19,"column":28},"end":{"line":19,"column":44}},{"start":{"line":19,"column":48},"end":{"line":19,"column":52}}]},"2":{"line":25,"type":"if","locations":[{"start":{"line":25,"column":2},"end":{"line":25,"column":2}},{"start":{"line":25,"column":2},"end":{"line":25,"column":2}}]},"3":{"line":27,"type":"if","locations":[{"start":{"line":27,"column":4},"end":{"line":27,"column":4}},{"start":{"line":27,"column":4},"end":{"line":27,"column":4}}]},"4":{"line":27,"type":"binary-expr","locations":[{"start":{"line":27,"column":8},"end":{"line":27,"column":15}},{"start":{"line":27,"column":19},"end":{"line":27,"column":30}},{"start":{"line":27,"column":34},"end":{"line":27,"column":48}},{"start":{"line":27,"column":52},"end":{"line":27,"column":77}}]},"5":{"line":34,"type":"if","locations":[{"start":{"line":34,"column":6},"end":{"line":34,"column":6},"skip":true},{"start":{"line":34,"column":6},"end":{"line":34,"column":6}}]},"6":{"line":42,"type":"if","locations":[{"start":{"line":42,"column":6},"end":{"line":42,"column":6}},{"start":{"line":42,"column":6},"end":{"line":42,"column":6}}]},"7":{"line":45,"type":"if","locations":[{"start":{"line":45,"column":10},"end":{"line":45,"column":10}},{"start":{"line":45,"column":10},"end":{"line":45,"column":10}}]},"8":{"line":49,"type":"if","locations":[{"start":{"line":49,"column":12},"end":{"line":49,"column":12}},{"start":{"line":49,"column":12},"end":{"line":49,"column":12}}]},"9":{"line":49,"type":"binary-expr","locations":[{"start":{"line":49,"column":16},"end":{"line":49,"column":20}},{"start":{"line":49,"column":24},"end":{"line":49,"column":36}}]},"10":{"line":53,"type":"if","locations":[{"start":{"line":53,"column":10},"end":{"line":53,"column":10}},{"start":{"line":53,"column":10},"end":{"line":53,"column":10}}]},"11":{"line":53,"type":"binary-expr","locations":[{"start":{"line":53,"column":14},"end":{"line":53,"column":19}},{"start":{"line":53,"column":24},"end":{"line":53,"column":28}},{"start":{"line":53,"column":32},"end":{"line":53,"column":42}}]},"12":{"line":69,"type":"if","locations":[{"start":{"line":69,"column":10},"end":{"line":69,"column":10}},{"start":{"line":69,"column":10},"end":{"line":69,"column":10}}]},"13":{"line":72,"type":"if","locations":[{"start":{"line":72,"column":14},"end":{"line":72,"column":14},"skip":true},{"start":{"line":72,"column":14},"end":{"line":72,"column":14}}]},"14":{"line":79,"type":"if","locations":[{"start":{"line":79,"column":10},"end":{"line":79,"column":10}},{"start":{"line":79,"column":10},"end":{"line":79,"column":10}}]},"15":{"line":80,"type":"if","locations":[{"start":{"line":80,"column":12},"end":{"line":80,"column":12}},{"start":{"line":80,"column":12},"end":{"line":80,"column":12}}]},"16":{"line":89,"type":"if","locations":[{"start":{"line":89,"column":16},"end":{"line":89,"column":16},"skip":true},{"start":{"line":89,"column":16},"end":{"line":89,"column":16}}]},"17":{"line":97,"type":"if","locations":[{"start":{"line":97,"column":16},"end":{"line":97,"column":16}},{"start":{"line":97,"column":16},"end":{"line":97,"column":16}}]},"18":{"line":97,"type":"binary-expr","locations":[{"start":{"line":97,"column":20},"end":{"line":97,"column":58}},{"start":{"line":97,"column":62},"end":{"line":97,"column":88}}]},"19":{"line":142,"type":"if","locations":[{"start":{"line":142,"column":2},"end":{"line":142,"column":2}},{"start":{"line":142,"column":2},"end":{"line":142,"column":2}}]},"20":{"line":150,"type":"if","locations":[{"start":{"line":150,"column":4},"end":{"line":150,"column":4},"skip":true},{"start":{"line":150,"column":4},"end":{"line":150,"column":4}}]},"21":{"line":173,"type":"if","locations":[{"start":{"line":173,"column":4},"end":{"line":173,"column":4},"skip":true},{"start":{"line":173,"column":4},"end":{"line":173,"column":4}}]},"22":{"line":181,"type":"if","locations":[{"start":{"line":181,"column":4},"end":{"line":181,"column":4}},{"start":{"line":181,"column":4},"end":{"line":181,"column":4}}]},"23":{"line":188,"type":"binary-expr","locations":[{"start":{"line":188,"column":18},"end":{"line":188,"column":55}},{"start":{"line":188,"column":59},"end":{"line":188,"column":99}}]},"24":{"line":190,"type":"if","locations":[{"start":{"line":190,"column":4},"end":{"line":190,"column":4}},{"start":{"line":190,"column":4},"end":{"line":190,"column":4}}]},"25":{"line":219,"type":"if","locations":[{"start":{"line":219,"column":4},"end":{"line":219,"column":4},"skip":true},{"start":{"line":219,"column":4},"end":{"line":219,"column":4}}]},"26":{"line":229,"type":"if","locations":[{"start":{"line":229,"column":4},"end":{"line":229,"column":4}},{"start":{"line":229,"column":4},"end":{"line":229,"column":4}}]},"27":{"line":229,"type":"binary-expr","locations":[{"start":{"line":229,"column":8},"end":{"line":229,"column":15}},{"start":{"line":229,"column":19},"end":{"line":229,"column":32}}]},"28":{"line":232,"type":"if","locations":[{"start":{"line":232,"column":6},"end":{"line":232,"column":6}},{"start":{"line":232,"column":6},"end":{"line":232,"column":6}}]},"29":{"line":232,"type":"binary-expr","locations":[{"start":{"line":232,"column":10},"end":{"line":232,"column":22}},{"start":{"line":232,"column":26},"end":{"line":232,"column":37}},{"start":{"line":232,"column":41},"end":{"line":232,"column":57}}]},"30":{"line":241,"type":"if","locations":[{"start":{"line":241,"column":8},"end":{"line":241,"column":8},"skip":true},{"start":{"line":241,"column":8},"end":{"line":241,"column":8}}]},"31":{"line":254,"type":"if","locations":[{"start":{"line":254,"column":8},"end":{"line":254,"column":8},"skip":true},{"start":{"line":254,"column":8},"end":{"line":254,"column":8}}]},"32":{"line":254,"type":"binary-expr","locations":[{"start":{"line":254,"column":12},"end":{"line":254,"column":50}},{"start":{"line":254,"column":54},"end":{"line":254,"column":80}}]}}},"/Users/xyz/Sites/github/connect-cas2/lib/utils.js":{"path":"/Users/xyz/Sites/github/connect-cas2/lib/utils.js","s":{"1":1,"2":1,"3":1,"4":1,"5":1,"6":1,"7":1,"8":107,"9":15,"10":92,"11":81,"12":11,"13":11,"14":1,"15":6,"16":6,"17":1,"18":6,"19":6,"20":0,"21":6,"22":1,"23":84,"24":6,"25":6,"26":6,"27":6,"28":6,"29":3,"30":3,"31":3,"32":78,"33":77,"34":77,"35":77,"36":77,"37":77,"38":6,"39":6,"40":71,"41":1,"42":1,"43":35,"44":35,"45":35,"46":1,"47":35,"48":31,"49":35,"50":1,"51":175,"52":119,"53":119,"54":56,"55":175,"56":13,"57":13,"58":13,"59":13,"60":175,"61":1,"62":14,"63":13,"64":13,"65":1,"66":1,"67":14,"68":1,"69":4,"70":1,"71":193,"72":193,"73":193,"74":45,"75":193,"76":193,"77":14,"78":13,"79":14,"80":14,"81":14,"82":14,"83":12,"84":12,"85":39,"86":12,"87":2,"88":0,"89":14,"90":193,"91":193,"92":193,"93":192,"94":192,"95":188,"96":192,"97":192,"98":193,"99":0,"100":0,"101":193,"102":14,"103":193,"104":1,"105":107,"106":0,"107":107,"108":107,"109":5,"110":5,"111":2,"112":2,"113":16,"114":16,"115":16,"116":18,"117":18,"118":28,"119":28,"120":24,"121":24,"122":14,"123":107,"124":1,"125":7,"126":3,"127":4,"128":1,"129":71,"130":4,"131":71,"132":1},"b":{"1":[15,92],"2":[81,11],"3":[11,0],"4":[1,5],"5":[0,6],"6":[0,6],"7":[6,78],"8":[84,78,78],"9":[3,3],"10":[77,1],"11":[78,78,78],"12":[6,71],"13":[3,32],"14":[35,34],"15":[1,34],"16":[31,4],"17":[119,56],"18":[13,162],"19":[13,1],"20":[45,148],"21":[14,179],"22":[13,1],"23":[14,0],"24":[14,14],"25":[14,0],"26":[12,2],"27":[0,2],"28":[3,190],"29":[14,179],"30":[193,14],"31":[0,107],"32":[107,107],"33":[5,2,16,18,28,23,24,14],"34":[1,15],"35":[16,1],"36":[3,4],"37":[71,70,1]},"f":{"1":107,"2":6,"3":84,"4":6,"5":77,"6":35,"7":175,"8":14,"9":4,"10":193,"11":192,"12":188,"13":192,"14":0,"15":107,"16":7,"17":71,"18":4},"fnMap":{"1":{"name":"isMatchRule","line":16,"loc":{"start":{"line":16,"column":0},"end":{"line":16,"column":42}}},"2":{"name":"getOrigin","line":33,"loc":{"start":{"line":33,"column":0},"end":{"line":33,"column":33}}},"3":{"name":"shouldIgnore","line":53,"loc":{"start":{"line":53,"column":0},"end":{"line":53,"column":44}}},"4":{"name":"(anonymous_4)","line":56,"loc":{"start":{"line":56,"column":38},"end":{"line":56,"column":53}}},"5":{"name":"(anonymous_5)","line":71,"loc":{"start":{"line":71,"column":45},"end":{"line":71,"column":60}}},"6":{"name":"getLastUrl","line":87,"loc":{"start":{"line":87,"column":0},"end":{"line":87,"column":42}}},"7":{"name":"getRequest","line":107,"loc":{"start":{"line":107,"column":0},"end":{"line":107,"column":45}}},"8":{"name":"postRequest","line":127,"loc":{"start":{"line":127,"column":0},"end":{"line":127,"column":52}}},"9":{"name":"deleteRequest","line":142,"loc":{"start":{"line":142,"column":0},"end":{"line":142,"column":39}}},"10":{"name":"sendRequest","line":148,"loc":{"start":{"line":148,"column":0},"end":{"line":148,"column":46}}},"11":{"name":"(anonymous_11)","line":183,"loc":{"start":{"line":183,"column":65},"end":{"line":183,"column":79}}},"12":{"name":"(anonymous_12)","line":185,"loc":{"start":{"line":185,"column":19},"end":{"line":185,"column":35}}},"13":{"name":"(anonymous_13)","line":188,"loc":{"start":{"line":188,"column":18},"end":{"line":188,"column":29}}},"14":{"name":"(anonymous_14)","line":197,"loc":{"start":{"line":197,"column":18},"end":{"line":197,"column":30}}},"15":{"name":"getPath","line":209,"loc":{"start":{"line":209,"column":0},"end":{"line":209,"column":32}}},"16":{"name":"toArray","line":240,"loc":{"start":{"line":240,"column":0},"end":{"line":240,"column":28}}},"17":{"name":"getLogger","line":245,"loc":{"start":{"line":245,"column":0},"end":{"line":245,"column":33}}},"18":{"name":"(anonymous_18)","line":246,"loc":{"start":{"line":246,"column":47},"end":{"line":246,"column":67}}}},"statementMap":{"1":{"start":{"line":1,"column":0},"end":{"line":1,"column":33}},"2":{"start":{"line":2,"column":0},"end":{"line":2,"column":25}},"3":{"start":{"line":3,"column":0},"end":{"line":3,"column":27}},"4":{"start":{"line":4,"column":0},"end":{"line":4,"column":29}},"5":{"start":{"line":5,"column":0},"end":{"line":5,"column":31}},"6":{"start":{"line":6,"column":0},"end":{"line":6,"column":26}},"7":{"start":{"line":16,"column":0},"end":{"line":24,"column":1}},"8":{"start":{"line":17,"column":2},"end":{"line":23,"column":3}},"9":{"start":{"line":18,"column":4},"end":{"line":18,"column":39}},"10":{"start":{"line":19,"column":9},"end":{"line":23,"column":3}},"11":{"start":{"line":20,"column":4},"end":{"line":20,"column":31}},"12":{"start":{"line":21,"column":9},"end":{"line":23,"column":3}},"13":{"start":{"line":22,"column":4},"end":{"line":22,"column":31}},"14":{"start":{"line":33,"column":0},"end":{"line":42,"column":1}},"15":{"start":{"line":34,"column":2},"end":{"line":34,"column":24}},"16":{"start":{"line":35,"column":2},"end":{"line":35,"column":40}},"17":{"start":{"line":35,"column":20},"end":{"line":35,"column":40}},"18":{"start":{"line":36,"column":2},"end":{"line":36,"column":40}},"19":{"start":{"line":37,"column":2},"end":{"line":39,"column":3}},"20":{"start":{"line":38,"column":4},"end":{"line":38,"column":37}},"21":{"start":{"line":41,"column":2},"end":{"line":41,"column":116}},"22":{"start":{"line":53,"column":0},"end":{"line":85,"column":1}},"23":{"start":{"line":54,"column":2},"end":{"line":67,"column":3}},"24":{"start":{"line":55,"column":4},"end":{"line":55,"column":20}},"25":{"start":{"line":56,"column":4},"end":{"line":59,"column":7}},"26":{"start":{"line":57,"column":6},"end":{"line":57,"column":25}},"27":{"start":{"line":58,"column":6},"end":{"line":58,"column":46}},"28":{"start":{"line":61,"column":4},"end":{"line":64,"column":5}},"29":{"start":{"line":62,"column":6},"end":{"line":62,"column":86}},"30":{"start":{"line":63,"column":6},"end":{"line":63,"column":19}},"31":{"start":{"line":66,"column":4},"end":{"line":66,"column":16}},"32":{"start":{"line":69,"column":2},"end":{"line":82,"column":3}},"33":{"start":{"line":70,"column":4},"end":{"line":70,"column":26}},"34":{"start":{"line":71,"column":4},"end":{"line":74,"column":7}},"35":{"start":{"line":72,"column":6},"end":{"line":72,"column":31}},"36":{"start":{"line":73,"column":6},"end":{"line":73,"column":46}},"37":{"start":{"line":76,"column":4},"end":{"line":79,"column":5}},"38":{"start":{"line":77,"column":6},"end":{"line":77,"column":81}},"39":{"start":{"line":78,"column":6},"end":{"line":78,"column":18}},"40":{"start":{"line":81,"column":4},"end":{"line":81,"column":17}},"41":{"start":{"line":84,"column":2},"end":{"line":84,"column":15}},"42":{"start":{"line":87,"column":0},"end":{"line":98,"column":1}},"43":{"start":{"line":88,"column":2},"end":{"line":88,"column":81}},"44":{"start":{"line":90,"column":2},"end":{"line":90,"column":37}},"45":{"start":{"line":92,"column":2},"end":{"line":92,"column":61}},"46":{"start":{"line":92,"column":47},"end":{"line":92,"column":61}},"47":{"start":{"line":94,"column":2},"end":{"line":96,"column":3}},"48":{"start":{"line":95,"column":4},"end":{"line":95,"column":43}},"49":{"start":{"line":97,"column":2},"end":{"line":97,"column":17}},"50":{"start":{"line":107,"column":0},"end":{"line":125,"column":1}},"51":{"start":{"line":108,"column":2},"end":{"line":115,"column":3}},"52":{"start":{"line":109,"column":4},"end":{"line":109,"column":23}},"53":{"start":{"line":110,"column":4},"end":{"line":112,"column":6}},"54":{"start":{"line":114,"column":4},"end":{"line":114,"column":27}},"55":{"start":{"line":117,"column":2},"end":{"line":122,"column":3}},"56":{"start":{"line":118,"column":4},"end":{"line":118,"column":36}},"57":{"start":{"line":119,"column":4},"end":{"line":119,"column":55}},"58":{"start":{"line":120,"column":4},"end":{"line":120,"column":27}},"59":{"start":{"line":121,"column":4},"end":{"line":121,"column":26}},"60":{"start":{"line":124,"column":2},"end":{"line":124,"column":39}},"61":{"start":{"line":127,"column":0},"end":{"line":140,"column":1}},"62":{"start":{"line":128,"column":2},"end":{"line":137,"column":3}},"63":{"start":{"line":129,"column":4},"end":{"line":129,"column":23}},"64":{"start":{"line":130,"column":4},"end":{"line":133,"column":6}},"65":{"start":{"line":135,"column":4},"end":{"line":135,"column":28}},"66":{"start":{"line":136,"column":4},"end":{"line":136,"column":24}},"67":{"start":{"line":139,"column":2},"end":{"line":139,"column":39}},"68":{"start":{"line":142,"column":0},"end":{"line":146,"column":1}},"69":{"start":{"line":143,"column":2},"end":{"line":145,"column":15}},"70":{"start":{"line":148,"column":0},"end":{"line":207,"column":1}},"71":{"start":{"line":149,"column":2},"end":{"line":149,"column":45}},"72":{"start":{"line":150,"column":2},"end":{"line":150,"column":41}},"73":{"start":{"line":152,"column":2},"end":{"line":154,"column":3}},"74":{"start":{"line":153,"column":4},"end":{"line":153,"column":45}},"75":{"start":{"line":156,"column":2},"end":{"line":156,"column":55}},"76":{"start":{"line":158,"column":2},"end":{"line":177,"column":3}},"77":{"start":{"line":159,"column":4},"end":{"line":159,"column":61}},"78":{"start":{"line":159,"column":33},"end":{"line":159,"column":61}},"79":{"start":{"line":161,"column":4},"end":{"line":163,"column":5}},"80":{"start":{"line":162,"column":6},"end":{"line":162,"column":83}},"81":{"start":{"line":165,"column":4},"end":{"line":176,"column":5}},"82":{"start":{"line":166,"column":6},"end":{"line":174,"column":7}},"83":{"start":{"line":167,"column":8},"end":{"line":167,"column":26}},"84":{"start":{"line":168,"column":8},"end":{"line":170,"column":9}},"85":{"start":{"line":169,"column":10},"end":{"line":169,"column":71}},"86":{"start":{"line":171,"column":8},"end":{"line":171,"column":42}},"87":{"start":{"line":172,"column":13},"end":{"line":174,"column":7}},"88":{"start":{"line":173,"column":8},"end":{"line":173,"column":67}},"89":{"start":{"line":175,"column":6},"end":{"line":175,"column":81}},"90":{"start":{"line":179,"column":2},"end":{"line":179,"column":18}},"91":{"start":{"line":181,"column":2},"end":{"line":181,"column":53}},"92":{"start":{"line":183,"column":2},"end":{"line":195,"column":5}},"93":{"start":{"line":184,"column":4},"end":{"line":184,"column":28}},"94":{"start":{"line":185,"column":4},"end":{"line":187,"column":7}},"95":{"start":{"line":186,"column":6},"end":{"line":186,"column":25}},"96":{"start":{"line":188,"column":4},"end":{"line":194,"column":7}},"97":{"start":{"line":189,"column":6},"end":{"line":193,"column":9}},"98":{"start":{"line":197,"column":2},"end":{"line":200,"column":5}},"99":{"start":{"line":198,"column":4},"end":{"line":198,"column":60}},"100":{"start":{"line":199,"column":4},"end":{"line":199,"column":16}},"101":{"start":{"line":202,"column":2},"end":{"line":204,"column":3}},"102":{"start":{"line":203,"column":4},"end":{"line":203,"column":28}},"103":{"start":{"line":206,"column":2},"end":{"line":206,"column":12}},"104":{"start":{"line":209,"column":0},"end":{"line":238,"column":1}},"105":{"start":{"line":210,"column":2},"end":{"line":210,"column":35}},"106":{"start":{"line":210,"column":25},"end":{"line":210,"column":35}},"107":{"start":{"line":211,"column":2},"end":{"line":211,"column":16}},"108":{"start":{"line":213,"column":2},"end":{"line":236,"column":3}},"109":{"start":{"line":215,"column":6},"end":{"line":215,"column":137}},"110":{"start":{"line":216,"column":6},"end":{"line":216,"column":12}},"111":{"start":{"line":218,"column":6},"end":{"line":218,"column":138}},"112":{"start":{"line":219,"column":6},"end":{"line":219,"column":12}},"113":{"start":{"line":221,"column":6},"end":{"line":221,"column":74}},"114":{"start":{"line":222,"column":6},"end":{"line":222,"column":154}},"115":{"start":{"line":223,"column":6},"end":{"line":223,"column":12}},"116":{"start":{"line":225,"column":6},"end":{"line":225,"column":64}},"117":{"start":{"line":226,"column":6},"end":{"line":226,"column":12}},"118":{"start":{"line":228,"column":6},"end":{"line":228,"column":54}},"119":{"start":{"line":229,"column":6},"end":{"line":229,"column":12}},"120":{"start":{"line":232,"column":6},"end":{"line":232,"column":60}},"121":{"start":{"line":233,"column":6},"end":{"line":233,"column":12}},"122":{"start":{"line":235,"column":6},"end":{"line":235,"column":67}},"123":{"start":{"line":237,"column":2},"end":{"line":237,"column":14}},"124":{"start":{"line":240,"column":0},"end":{"line":243,"column":1}},"125":{"start":{"line":241,"column":2},"end":{"line":241,"column":28}},"126":{"start":{"line":241,"column":18},"end":{"line":241,"column":28}},"127":{"start":{"line":242,"column":2},"end":{"line":242,"column":47}},"128":{"start":{"line":245,"column":0},"end":{"line":256,"column":1}},"129":{"start":{"line":246,"column":2},"end":{"line":248,"column":6}},"130":{"start":{"line":247,"column":6},"end":{"line":247,"column":47}},"131":{"start":{"line":250,"column":2},"end":{"line":255,"column":4}},"132":{"start":{"line":258,"column":0},"end":{"line":270,"column":2}}},"branchMap":{"1":{"line":17,"type":"if","locations":[{"start":{"line":17,"column":2},"end":{"line":17,"column":2}},{"start":{"line":17,"column":2},"end":{"line":17,"column":2}}]},"2":{"line":19,"type":"if","locations":[{"start":{"line":19,"column":9},"end":{"line":19,"column":9}},{"start":{"line":19,"column":9},"end":{"line":19,"column":9}}]},"3":{"line":21,"type":"if","locations":[{"start":{"line":21,"column":9},"end":{"line":21,"column":9}},{"start":{"line":21,"column":9},"end":{"line":21,"column":9}}]},"4":{"line":35,"type":"if","locations":[{"start":{"line":35,"column":2},"end":{"line":35,"column":2}},{"start":{"line":35,"column":2},"end":{"line":35,"column":2}}]},"5":{"line":37,"type":"if","locations":[{"start":{"line":37,"column":2},"end":{"line":37,"column":2}},{"start":{"line":37,"column":2},"end":{"line":37,"column":2}}]},"6":{"line":41,"type":"cond-expr","locations":[{"start":{"line":41,"column":92},"end":{"line":41,"column":109}},{"start":{"line":41,"column":112},"end":{"line":41,"column":114}}]},"7":{"line":54,"type":"if","locations":[{"start":{"line":54,"column":2},"end":{"line":54,"column":2}},{"start":{"line":54,"column":2},"end":{"line":54,"column":2}}]},"8":{"line":54,"type":"binary-expr","locations":[{"start":{"line":54,"column":6},"end":{"line":54,"column":19}},{"start":{"line":54,"column":23},"end":{"line":54,"column":43}},{"start":{"line":54,"column":47},"end":{"line":54,"column":67}}]},"9":{"line":61,"type":"if","locations":[{"start":{"line":61,"column":4},"end":{"line":61,"column":4}},{"start":{"line":61,"column":4},"end":{"line":61,"column":4}}]},"10":{"line":69,"type":"if","locations":[{"start":{"line":69,"column":2},"end":{"line":69,"column":2}},{"start":{"line":69,"column":2},"end":{"line":69,"column":2}}]},"11":{"line":69,"type":"binary-expr","locations":[{"start":{"line":69,"column":6},"end":{"line":69,"column":20}},{"start":{"line":69,"column":24},"end":{"line":69,"column":45}},{"start":{"line":69,"column":49},"end":{"line":69,"column":70}}]},"12":{"line":76,"type":"if","locations":[{"start":{"line":76,"column":4},"end":{"line":76,"column":4}},{"start":{"line":76,"column":4},"end":{"line":76,"column":4}}]},"13":{"line":88,"type":"cond-expr","locations":[{"start":{"line":88,"column":55},"end":{"line":88,"column":74}},{"start":{"line":88,"column":77},"end":{"line":88,"column":80}}]},"14":{"line":88,"type":"binary-expr","locations":[{"start":{"line":88,"column":17},"end":{"line":88,"column":28}},{"start":{"line":88,"column":32},"end":{"line":88,"column":51}}]},"15":{"line":92,"type":"if","locations":[{"start":{"line":92,"column":2},"end":{"line":92,"column":2}},{"start":{"line":92,"column":2},"end":{"line":92,"column":2}}]},"16":{"line":94,"type":"if","locations":[{"start":{"line":94,"column":2},"end":{"line":94,"column":2}},{"start":{"line":94,"column":2},"end":{"line":94,"column":2}}]},"17":{"line":108,"type":"if","locations":[{"start":{"line":108,"column":2},"end":{"line":108,"column":2}},{"start":{"line":108,"column":2},"end":{"line":108,"column":2}}]},"18":{"line":117,"type":"if","locations":[{"start":{"line":117,"column":2},"end":{"line":117,"column":2}},{"start":{"line":117,"column":2},"end":{"line":117,"column":2}}]},"19":{"line":128,"type":"if","locations":[{"start":{"line":128,"column":2},"end":{"line":128,"column":2}},{"start":{"line":128,"column":2},"end":{"line":128,"column":2}}]},"20":{"line":152,"type":"if","locations":[{"start":{"line":152,"column":2},"end":{"line":152,"column":2}},{"start":{"line":152,"column":2},"end":{"line":152,"column":2}}]},"21":{"line":158,"type":"if","locations":[{"start":{"line":158,"column":2},"end":{"line":158,"column":2}},{"start":{"line":158,"column":2},"end":{"line":158,"column":2}}]},"22":{"line":159,"type":"if","locations":[{"start":{"line":159,"column":4},"end":{"line":159,"column":4}},{"start":{"line":159,"column":4},"end":{"line":159,"column":4}}]},"23":{"line":161,"type":"if","locations":[{"start":{"line":161,"column":4},"end":{"line":161,"column":4}},{"start":{"line":161,"column":4},"end":{"line":161,"column":4}}]},"24":{"line":161,"type":"binary-expr","locations":[{"start":{"line":161,"column":8},"end":{"line":161,"column":47}},{"start":{"line":161,"column":51},"end":{"line":161,"column":90}}]},"25":{"line":165,"type":"if","locations":[{"start":{"line":165,"column":4},"end":{"line":165,"column":4}},{"start":{"line":165,"column":4},"end":{"line":165,"column":4}}]},"26":{"line":166,"type":"if","locations":[{"start":{"line":166,"column":6},"end":{"line":166,"column":6}},{"start":{"line":166,"column":6},"end":{"line":166,"column":6}}]},"27":{"line":172,"type":"if","locations":[{"start":{"line":172,"column":13},"end":{"line":172,"column":13}},{"start":{"line":172,"column":13},"end":{"line":172,"column":13}}]},"28":{"line":183,"type":"cond-expr","locations":[{"start":{"line":183,"column":23},"end":{"line":183,"column":28}},{"start":{"line":183,"column":31},"end":{"line":183,"column":35}}]},"29":{"line":202,"type":"if","locations":[{"start":{"line":202,"column":2},"end":{"line":202,"column":2}},{"start":{"line":202,"column":2},"end":{"line":202,"column":2}}]},"30":{"line":202,"type":"binary-expr","locations":[{"start":{"line":202,"column":6},"end":{"line":202,"column":12}},{"start":{"line":202,"column":16},"end":{"line":202,"column":28}}]},"31":{"line":210,"type":"if","locations":[{"start":{"line":210,"column":2},"end":{"line":210,"column":2}},{"start":{"line":210,"column":2},"end":{"line":210,"column":2}}]},"32":{"line":210,"type":"binary-expr","locations":[{"start":{"line":210,"column":6},"end":{"line":210,"column":11}},{"start":{"line":210,"column":15},"end":{"line":210,"column":23}}]},"33":{"line":213,"type":"switch","locations":[{"start":{"line":214,"column":4},"end":{"line":216,"column":12}},{"start":{"line":217,"column":4},"end":{"line":219,"column":12}},{"start":{"line":220,"column":4},"end":{"line":223,"column":12}},{"start":{"line":224,"column":4},"end":{"line":226,"column":12}},{"start":{"line":227,"column":4},"end":{"line":229,"column":12}},{"start":{"line":230,"column":4},"end":{"line":230,"column":19}},{"start":{"line":231,"column":4},"end":{"line":233,"column":12}},{"start":{"line":234,"column":4},"end":{"line":235,"column":67}}]},"34":{"line":222,"type":"cond-expr","locations":[{"start":{"line":222,"column":69},"end":{"line":222,"column":96}},{"start":{"line":222,"column":101},"end":{"line":222,"column":152}}]},"35":{"line":222,"type":"binary-expr","locations":[{"start":{"line":222,"column":14},"end":{"line":222,"column":39}},{"start":{"line":222,"column":43},"end":{"line":222,"column":64}}]},"36":{"line":241,"type":"if","locations":[{"start":{"line":241,"column":2},"end":{"line":241,"column":2}},{"start":{"line":241,"column":2},"end":{"line":241,"column":2}}]},"37":{"line":246,"type":"binary-expr","locations":[{"start":{"line":246,"column":17},"end":{"line":246,"column":24}},{"start":{"line":246,"column":28},"end":{"line":246,"column":42}},{"start":{"line":246,"column":47},"end":{"line":248,"column":5}}]}}},"/Users/xyz/Sites/github/connect-cas2/lib/proxyCallback.js":{"path":"/Users/xyz/Sites/github/connect-cas2/lib/proxyCallback.js","s":{"1":1,"2":1,"3":15,"4":15,"5":15,"6":15,"7":3,"8":3,"9":12,"10":12,"11":0,"12":0,"13":0,"14":12,"15":12},"b":{"1":[3,12],"2":[15,15,13],"3":[0,12]},"f":{"1":15,"2":12},"fnMap":{"1":{"name":"proxyCallback","line":12,"loc":{"start":{"line":12,"column":17},"end":{"line":12,"column":73}}},"2":{"name":"(anonymous_2)","line":26,"loc":{"start":{"line":26,"column":104},"end":{"line":26,"column":118}}}},"statementMap":{"1":{"start":{"line":1,"column":0},"end":{"line":1,"column":26}},"2":{"start":{"line":12,"column":0},"end":{"line":42,"column":2}},"3":{"start":{"line":13,"column":2},"end":{"line":13,"column":53}},"4":{"start":{"line":14,"column":2},"end":{"line":14,"column":36}},"5":{"start":{"line":15,"column":2},"end":{"line":15,"column":38}},"6":{"start":{"line":17,"column":2},"end":{"line":20,"column":3}},"7":{"start":{"line":18,"column":4},"end":{"line":18,"column":135}},"8":{"start":{"line":19,"column":4},"end":{"line":19,"column":31}},"9":{"start":{"line":26,"column":2},"end":{"line":41,"column":5}},"10":{"start":{"line":28,"column":4},"end":{"line":36,"column":5}},"11":{"start":{"line":29,"column":6},"end":{"line":29,"column":82},"skip":true},"12":{"start":{"line":30,"column":6},"end":{"line":30,"column":24},"skip":true},"13":{"start":{"line":32,"column":6},"end":{"line":35,"column":9},"skip":true},"14":{"start":{"line":38,"column":4},"end":{"line":38,"column":73}},"15":{"start":{"line":40,"column":4},"end":{"line":40,"column":24}}},"branchMap":{"1":{"line":17,"type":"if","locations":[{"start":{"line":17,"column":2},"end":{"line":17,"column":2}},{"start":{"line":17,"column":2},"end":{"line":17,"column":2}}]},"2":{"line":17,"type":"binary-expr","locations":[{"start":{"line":17,"column":6},"end":{"line":17,"column":16}},{"start":{"line":17,"column":20},"end":{"line":17,"column":37}},{"start":{"line":17,"column":41},"end":{"line":17,"column":57}}]},"3":{"line":28,"type":"if","locations":[{"start":{"line":28,"column":4},"end":{"line":28,"column":4},"skip":true},{"start":{"line":28,"column":4},"end":{"line":28,"column":4}}]}}},"/Users/xyz/Sites/github/connect-cas2/lib/authenticate.js":{"path":"/Users/xyz/Sites/github/connect-cas2/lib/authenticate.js","s":{"1":1,"2":1,"3":1,"4":1,"5":32,"6":32,"7":27,"8":27,"9":27,"10":4,"11":27,"12":23,"13":27,"14":0,"15":0,"16":5,"17":5,"18":5,"19":5,"20":5,"21":5,"22":1,"23":1,"24":4,"25":4,"26":4,"27":4},"b":{"1":[27,5],"2":[32,32,28],"3":[27,0],"4":[27,23,4],"5":[4,23],"6":[23,4],"7":[27,23],"8":[0,0],"9":[0,0],"10":[1,4],"11":[5,5,5]},"f":{"1":32},"fnMap":{"1":{"name":"(anonymous_1)","line":14,"loc":{"start":{"line":14,"column":17},"end":{"line":14,"column":59}}}},"statementMap":{"1":{"start":{"line":1,"column":0},"end":{"line":1,"column":26}},"2":{"start":{"line":2,"column":0},"end":{"line":2,"column":31}},"3":{"start":{"line":3,"column":0},"end":{"line":3,"column":42}},"4":{"start":{"line":14,"column":0},"end":{"line":55,"column":2}},"5":{"start":{"line":15,"column":2},"end":{"line":15,"column":41}},"6":{"start":{"line":16,"column":2},"end":{"line":29,"column":3}},"7":{"start":{"line":17,"column":4},"end":{"line":17,"column":38}},"8":{"start":{"line":18,"column":4},"end":{"line":26,"column":5}},"9":{"start":{"line":19,"column":6},"end":{"line":19,"column":81}},"10":{"start":{"line":19,"column":40},"end":{"line":19,"column":81}},"11":{"start":{"line":20,"column":6},"end":{"line":20,"column":103}},"12":{"start":{"line":20,"column":62},"end":{"line":20,"column":103}},"13":{"start":{"line":21,"column":6},"end":{"line":21,"column":20}},"14":{"start":{"line":23,"column":6},"end":{"line":25,"column":7}},"15":{"start":{"line":24,"column":8},"end":{"line":24,"column":81}},"16":{"start":{"line":28,"column":4},"end":{"line":28,"column":59}},"17":{"start":{"line":31,"column":2},"end":{"line":31,"column":54}},"18":{"start":{"line":33,"column":2},"end":{"line":33,"column":21}},"19":{"start":{"line":35,"column":2},"end":{"line":35,"column":18}},"20":{"start":{"line":37,"column":2},"end":{"line":37,"column":53}},"21":{"start":{"line":46,"column":2},"end":{"line":54,"column":3}},"22":{"start":{"line":47,"column":4},"end":{"line":47,"column":95}},"23":{"start":{"line":48,"column":4},"end":{"line":48,"column":101}},"24":{"start":{"line":50,"column":4},"end":{"line":50,"column":52}},"25":{"start":{"line":51,"column":4},"end":{"line":51,"column":33}},"26":{"start":{"line":52,"column":4},"end":{"line":52,"column":54}},"27":{"start":{"line":53,"column":4},"end":{"line":53,"column":33}}},"branchMap":{"1":{"line":16,"type":"if","locations":[{"start":{"line":16,"column":2},"end":{"line":16,"column":2}},{"start":{"line":16,"column":2},"end":{"line":16,"column":2}}]},"2":{"line":16,"type":"binary-expr","locations":[{"start":{"line":16,"column":6},"end":{"line":16,"column":17}},{"start":{"line":16,"column":21},"end":{"line":16,"column":36}},{"start":{"line":16,"column":40},"end":{"line":16,"column":58}}]},"3":{"line":18,"type":"if","locations":[{"start":{"line":18,"column":4},"end":{"line":18,"column":4}},{"start":{"line":18,"column":4},"end":{"line":18,"column":4}}]},"4":{"line":18,"type":"binary-expr","locations":[{"start":{"line":18,"column":9},"end":{"line":18,"column":36}},{"start":{"line":18,"column":40},"end":{"line":18,"column":59}},{"start":{"line":18,"column":64},"end":{"line":18,"column":92}}]},"5":{"line":19,"type":"if","locations":[{"start":{"line":19,"column":6},"end":{"line":19,"column":6}},{"start":{"line":19,"column":6},"end":{"line":19,"column":6}}]},"6":{"line":20,"type":"if","locations":[{"start":{"line":20,"column":6},"end":{"line":20,"column":6}},{"start":{"line":20,"column":6},"end":{"line":20,"column":6}}]},"7":{"line":20,"type":"binary-expr","locations":[{"start":{"line":20,"column":10},"end":{"line":20,"column":37}},{"start":{"line":20,"column":41},"end":{"line":20,"column":60}}]},"8":{"line":23,"type":"if","locations":[{"start":{"line":23,"column":6},"end":{"line":23,"column":6}},{"start":{"line":23,"column":6},"end":{"line":23,"column":6}}]},"9":{"line":23,"type":"binary-expr","locations":[{"start":{"line":23,"column":10},"end":{"line":23,"column":37}},{"start":{"line":23,"column":41},"end":{"line":23,"column":61}}]},"10":{"line":46,"type":"if","locations":[{"start":{"line":46,"column":2},"end":{"line":46,"column":2}},{"start":{"line":46,"column":2},"end":{"line":46,"column":2}}]},"11":{"line":46,"type":"binary-expr","locations":[{"start":{"line":46,"column":6},"end":{"line":46,"column":22}},{"start":{"line":46,"column":26},"end":{"line":46,"column":49}},{"start":{"line":46,"column":53},"end":{"line":46,"column":85}}]}}},"/Users/xyz/Sites/github/connect-cas2/lib/slo.js":{"path":"/Users/xyz/Sites/github/connect-cas2/lib/slo.js","s":{"1":1,"2":2,"3":0,"4":0,"5":0,"6":2,"7":2,"8":2,"9":2,"10":2,"11":2,"12":1,"13":1,"14":1,"15":1,"16":1,"17":0,"18":0,"19":0,"20":1,"21":1,"22":1,"23":1,"24":0,"25":0,"26":0,"27":1,"28":0,"29":0,"30":1,"31":1,"32":1,"33":0,"34":0,"35":1},"b":{"1":[0,2],"2":[1,1],"3":[0,1],"4":[1,0],"5":[1,1],"6":[0,1],"7":[0,1],"8":[1,0]},"f":{"1":2,"2":2,"3":2,"4":1,"5":1,"6":1,"7":1},"fnMap":{"1":{"name":"(anonymous_1)","line":10,"loc":{"start":{"line":10,"column":17},"end":{"line":10,"column":59}}},"2":{"name":"(anonymous_2)","line":23,"loc":{"start":{"line":23,"column":17},"end":{"line":23,"column":33}}},"3":{"name":"(anonymous_3)","line":26,"loc":{"start":{"line":26,"column":16},"end":{"line":26,"column":27}}},"4":{"name":"(anonymous_4)","line":35,"loc":{"start":{"line":35,"column":29},"end":{"line":35,"column":51}}},"5":{"name":"(anonymous_5)","line":46,"loc":{"start":{"line":46,"column":45},"end":{"line":46,"column":59}}},"6":{"name":"finnalHandler","line":64,"loc":{"start":{"line":64,"column":0},"end":{"line":64,"column":48}}},"7":{"name":"(anonymous_7)","line":65,"loc":{"start":{"line":65,"column":31},"end":{"line":65,"column":45}}}},"statementMap":{"1":{"start":{"line":10,"column":0},"end":{"line":62,"column":2}},"2":{"start":{"line":12,"column":2},"end":{"line":18,"column":3}},"3":{"start":{"line":13,"column":4},"end":{"line":13,"column":107},"skip":true},"4":{"start":{"line":14,"column":4},"end":{"line":14,"column":30},"skip":true},"5":{"start":{"line":15,"column":4},"end":{"line":17,"column":7},"skip":true},"6":{"start":{"line":20,"column":2},"end":{"line":20,"column":58}},"7":{"start":{"line":22,"column":2},"end":{"line":22,"column":16}},"8":{"start":{"line":23,"column":2},"end":{"line":25,"column":5}},"9":{"start":{"line":24,"column":4},"end":{"line":24,"column":18}},"10":{"start":{"line":26,"column":2},"end":{"line":61,"column":5}},"11":{"start":{"line":27,"column":4},"end":{"line":32,"column":5}},"12":{"start":{"line":28,"column":6},"end":{"line":28,"column":72}},"13":{"start":{"line":31,"column":6},"end":{"line":31,"column":33}},"14":{"start":{"line":33,"column":4},"end":{"line":33,"column":23}},"15":{"start":{"line":35,"column":4},"end":{"line":60,"column":7}},"16":{"start":{"line":37,"column":6},"end":{"line":41,"column":7}},"17":{"start":{"line":38,"column":8},"end":{"line":38,"column":73},"skip":true},"18":{"start":{"line":39,"column":8},"end":{"line":39,"column":26},"skip":true},"19":{"start":{"line":40,"column":8},"end":{"line":40,"column":35},"skip":true},"20":{"start":{"line":44,"column":6},"end":{"line":59,"column":7}},"21":{"start":{"line":45,"column":8},"end":{"line":45,"column":104}},"22":{"start":{"line":46,"column":8},"end":{"line":55,"column":11}},"23":{"start":{"line":48,"column":10},"end":{"line":52,"column":11}},"24":{"start":{"line":49,"column":12},"end":{"line":49,"column":76},"skip":true},"25":{"start":{"line":50,"column":12},"end":{"line":50,"column":30},"skip":true},"26":{"start":{"line":51,"column":12},"end":{"line":51,"column":39},"skip":true},"27":{"start":{"line":54,"column":10},"end":{"line":54,"column":44}},"28":{"start":{"line":57,"column":8},"end":{"line":57,"column":54},"skip":true},"29":{"start":{"line":58,"column":8},"end":{"line":58,"column":43},"skip":true},"30":{"start":{"line":64,"column":0},"end":{"line":74,"column":1}},"31":{"start":{"line":65,"column":2},"end":{"line":73,"column":5}},"32":{"start":{"line":67,"column":4},"end":{"line":70,"column":5}},"33":{"start":{"line":68,"column":6},"end":{"line":68,"column":67},"skip":true},"34":{"start":{"line":69,"column":6},"end":{"line":69,"column":24},"skip":true},"35":{"start":{"line":72,"column":4},"end":{"line":72,"column":42}}},"branchMap":{"1":{"line":12,"type":"if","locations":[{"start":{"line":12,"column":2},"end":{"line":12,"column":2},"skip":true},{"start":{"line":12,"column":2},"end":{"line":12,"column":2}}]},"2":{"line":27,"type":"if","locations":[{"start":{"line":27,"column":4},"end":{"line":27,"column":4}},{"start":{"line":27,"column":4},"end":{"line":27,"column":4}}]},"3":{"line":37,"type":"if","locations":[{"start":{"line":37,"column":6},"end":{"line":37,"column":6},"skip":true},{"start":{"line":37,"column":6},"end":{"line":37,"column":6}}]},"4":{"line":44,"type":"if","locations":[{"start":{"line":44,"column":6},"end":{"line":44,"column":6}},{"start":{"line":44,"column":6},"end":{"line":44,"column":6},"skip":true}]},"5":{"line":44,"type":"binary-expr","locations":[{"start":{"line":44,"column":10},"end":{"line":44,"column":16}},{"start":{"line":44,"column":20},"end":{"line":44,"column":30}}]},"6":{"line":48,"type":"if","locations":[{"start":{"line":48,"column":10},"end":{"line":48,"column":10},"skip":true},{"start":{"line":48,"column":10},"end":{"line":48,"column":10}}]},"7":{"line":67,"type":"if","locations":[{"start":{"line":67,"column":4},"end":{"line":67,"column":4},"skip":true},{"start":{"line":67,"column":4},"end":{"line":67,"column":4}}]},"8":{"line":72,"type":"cond-expr","locations":[{"start":{"line":72,"column":31},"end":{"line":72,"column":34}},{"start":{"line":72,"column":37},"end":{"line":72,"column":40}}]}}},"/Users/xyz/Sites/github/connect-cas2/lib/getProxyTicket.js":{"path":"/Users/xyz/Sites/github/connect-cas2/lib/getProxyTicket.js","s":{"1":2,"2":2,"3":1,"4":26,"5":26,"6":26,"7":23,"8":23,"9":26,"10":2,"11":27,"12":27,"13":27,"14":27,"15":27,"16":27,"17":27,"18":27,"19":0,"20":27,"21":9,"22":27,"23":27,"24":0,"25":27,"26":27,"27":27,"28":27,"29":27,"30":18,"31":27,"32":0,"33":27,"34":6,"35":27,"36":17,"37":9,"38":17,"39":14,"40":0,"41":14,"42":10,"43":10,"44":10,"45":0,"46":0,"47":0,"48":10,"49":3,"50":3,"51":7,"52":7,"53":1,"54":7,"55":0,"56":0,"57":0,"58":7,"59":7,"60":7,"61":0,"62":0,"63":0,"64":7,"65":7,"66":1,"67":24,"68":24,"69":24,"70":0,"71":0,"72":0,"73":24,"74":0,"75":0,"76":0,"77":0,"78":24,"79":24,"80":21,"81":21,"82":3,"83":3,"84":3,"85":3,"86":0},"b":{"1":[26,0],"2":[23,3],"3":[23,0],"4":[0,27],"5":[9,18],"6":[27,18,18,18],"7":[0,27],"8":[27,0],"9":[27,27,27],"10":[0,27],"11":[27,27],"12":[6,21],"13":[17,10],"14":[27,18,16],"15":[9,8],"16":[0,14],"17":[0,10],"18":[3,7],"19":[0,7],"20":[0,7],"21":[0,24],"22":[0,24],"23":[0,0],"24":[21,3],"25":[3,0]},"f":{"1":26,"2":27,"3":18,"4":14,"5":10,"6":7,"7":7,"8":24,"9":24},"fnMap":{"1":{"name":"parseCasResponse","line":10,"loc":{"start":{"line":10,"column":0},"end":{"line":10,"column":32}}},"2":{"name":"(anonymous_2)","line":35,"loc":{"start":{"line":35,"column":17},"end":{"line":35,"column":55}}},"3":{"name":"(anonymous_3)","line":67,"loc":{"start":{"line":67,"column":141},"end":{"line":67,"column":156}}},"4":{"name":"(anonymous_4)","line":85,"loc":{"start":{"line":85,"column":25},"end":{"line":85,"column":43}}},"5":{"name":"(anonymous_5)","line":93,"loc":{"start":{"line":93,"column":36},"end":{"line":93,"column":54}}},"6":{"name":"getPtHandler","line":111,"loc":{"start":{"line":111,"column":2},"end":{"line":111,"column":33}}},"7":{"name":"(anonymous_7)","line":120,"loc":{"start":{"line":120,"column":40},"end":{"line":120,"column":54}}},"8":{"name":"requestPT","line":141,"loc":{"start":{"line":141,"column":2},"end":{"line":141,"column":51}}},"9":{"name":"(anonymous_9)","line":143,"loc":{"start":{"line":143,"column":27},"end":{"line":143,"column":51}}}},"statementMap":{"1":{"start":{"line":1,"column":0},"end":{"line":1,"column":31}},"2":{"start":{"line":2,"column":0},"end":{"line":2,"column":42}},"3":{"start":{"line":10,"column":0},"end":{"line":20,"column":1}},"4":{"start":{"line":11,"column":2},"end":{"line":11,"column":20}},"5":{"start":{"line":12,"column":2},"end":{"line":12,"column":14}},"6":{"start":{"line":13,"column":2},"end":{"line":17,"column":3}},"7":{"start":{"line":14,"column":4},"end":{"line":16,"column":5}},"8":{"start":{"line":15,"column":6},"end":{"line":15,"column":21}},"9":{"start":{"line":19,"column":2},"end":{"line":19,"column":12}},"10":{"start":{"line":35,"column":0},"end":{"line":172,"column":2}},"11":{"start":{"line":36,"column":2},"end":{"line":36,"column":50}},"12":{"start":{"line":38,"column":2},"end":{"line":38,"column":29}},"13":{"start":{"line":39,"column":2},"end":{"line":39,"column":29}},"14":{"start":{"line":41,"column":2},"end":{"line":41,"column":47}},"15":{"start":{"line":42,"column":2},"end":{"line":42,"column":49}},"16":{"start":{"line":43,"column":2},"end":{"line":43,"column":43}},"17":{"start":{"line":44,"column":2},"end":{"line":44,"column":47}},"18":{"start":{"line":46,"column":2},"end":{"line":48,"column":3}},"19":{"start":{"line":47,"column":4},"end":{"line":47,"column":106}},"20":{"start":{"line":50,"column":2},"end":{"line":52,"column":3}},"21":{"start":{"line":51,"column":4},"end":{"line":51,"column":67}},"22":{"start":{"line":54,"column":2},"end":{"line":54,"column":82}},"23":{"start":{"line":56,"column":2},"end":{"line":58,"column":3}},"24":{"start":{"line":57,"column":4},"end":{"line":57,"column":86}},"25":{"start":{"line":61,"column":2},"end":{"line":61,"column":18}},"26":{"start":{"line":62,"column":2},"end":{"line":62,"column":39}},"27":{"start":{"line":63,"column":2},"end":{"line":63,"column":19}},"28":{"start":{"line":65,"column":2},"end":{"line":65,"column":88}},"29":{"start":{"line":67,"column":2},"end":{"line":69,"column":13}},"30":{"start":{"line":68,"column":4},"end":{"line":68,"column":55}},"31":{"start":{"line":71,"column":2},"end":{"line":73,"column":3}},"32":{"start":{"line":72,"column":4},"end":{"line":72,"column":97}},"33":{"start":{"line":75,"column":2},"end":{"line":77,"column":3}},"34":{"start":{"line":76,"column":4},"end":{"line":76,"column":53}},"35":{"start":{"line":80,"column":2},"end":{"line":109,"column":3}},"36":{"start":{"line":82,"column":4},"end":{"line":84,"column":5}},"37":{"start":{"line":83,"column":6},"end":{"line":83,"column":54}},"38":{"start":{"line":85,"column":4},"end":{"line":89,"column":21}},"39":{"start":{"line":87,"column":6},"end":{"line":87,"column":36}},"40":{"start":{"line":87,"column":15},"end":{"line":87,"column":36},"skip":true},"41":{"start":{"line":88,"column":6},"end":{"line":88,"column":25}},"42":{"start":{"line":91,"column":4},"end":{"line":91,"column":90}},"43":{"start":{"line":93,"column":4},"end":{"line":108,"column":7}},"44":{"start":{"line":95,"column":6},"end":{"line":99,"column":7}},"45":{"start":{"line":96,"column":8},"end":{"line":96,"column":61},"skip":true},"46":{"start":{"line":97,"column":8},"end":{"line":97,"column":26},"skip":true},"47":{"start":{"line":98,"column":8},"end":{"line":98,"column":29},"skip":true},"48":{"start":{"line":100,"column":6},"end":{"line":103,"column":7}},"49":{"start":{"line":101,"column":8},"end":{"line":101,"column":52}},"50":{"start":{"line":102,"column":8},"end":{"line":102,"column":34}},"51":{"start":{"line":105,"column":6},"end":{"line":105,"column":80}},"52":{"start":{"line":107,"column":6},"end":{"line":107,"column":55}},"53":{"start":{"line":111,"column":2},"end":{"line":132,"column":3}},"54":{"start":{"line":113,"column":4},"end":{"line":117,"column":5}},"55":{"start":{"line":114,"column":6},"end":{"line":114,"column":75},"skip":true},"56":{"start":{"line":115,"column":6},"end":{"line":115,"column":24},"skip":true},"57":{"start":{"line":116,"column":6},"end":{"line":116,"column":27},"skip":true},"58":{"start":{"line":119,"column":4},"end":{"line":119,"column":76}},"59":{"start":{"line":120,"column":4},"end":{"line":131,"column":7}},"60":{"start":{"line":122,"column":6},"end":{"line":127,"column":7}},"61":{"start":{"line":123,"column":8},"end":{"line":123,"column":61},"skip":true},"62":{"start":{"line":124,"column":8},"end":{"line":124,"column":26},"skip":true},"63":{"start":{"line":126,"column":8},"end":{"line":126,"column":34},"skip":true},"64":{"start":{"line":129,"column":6},"end":{"line":129,"column":48}},"65":{"start":{"line":130,"column":6},"end":{"line":130,"column":25}},"66":{"start":{"line":141,"column":2},"end":{"line":171,"column":3}},"67":{"start":{"line":142,"column":4},"end":{"line":142,"column":67}},"68":{"start":{"line":143,"column":4},"end":{"line":170,"column":7}},"69":{"start":{"line":145,"column":6},"end":{"line":149,"column":7}},"70":{"start":{"line":146,"column":8},"end":{"line":146,"column":72},"skip":true},"71":{"start":{"line":147,"column":8},"end":{"line":147,"column":26},"skip":true},"72":{"start":{"line":148,"column":8},"end":{"line":148,"column":29},"skip":true},"73":{"start":{"line":151,"column":6},"end":{"line":157,"column":7}},"74":{"start":{"line":152,"column":8},"end":{"line":152,"column":79}},"75":{"start":{"line":153,"column":8},"end":{"line":153,"column":73}},"76":{"start":{"line":153,"column":48},"end":{"line":153,"column":73}},"77":{"start":{"line":155,"column":8},"end":{"line":156,"column":48}},"78":{"start":{"line":159,"column":6},"end":{"line":159,"column":47}},"79":{"start":{"line":161,"column":6},"end":{"line":169,"column":7}},"80":{"start":{"line":162,"column":8},"end":{"line":162,"column":70}},"81":{"start":{"line":163,"column":8},"end":{"line":163,"column":27}},"82":{"start":{"line":165,"column":8},"end":{"line":165,"column":69}},"83":{"start":{"line":166,"column":8},"end":{"line":166,"column":99}},"84":{"start":{"line":167,"column":8},"end":{"line":167,"column":158}},"85":{"start":{"line":167,"column":48},"end":{"line":167,"column":158}},"86":{"start":{"line":168,"column":8},"end":{"line":168,"column":135}}},"branchMap":{"1":{"line":11,"type":"binary-expr","locations":[{"start":{"line":11,"column":9},"end":{"line":11,"column":13}},{"start":{"line":11,"column":17},"end":{"line":11,"column":19}}]},"2":{"line":13,"type":"if","locations":[{"start":{"line":13,"column":2},"end":{"line":13,"column":2}},{"start":{"line":13,"column":2},"end":{"line":13,"column":2}}]},"3":{"line":14,"type":"if","locations":[{"start":{"line":14,"column":4},"end":{"line":14,"column":4}},{"start":{"line":14,"column":4},"end":{"line":14,"column":4}}]},"4":{"line":46,"type":"if","locations":[{"start":{"line":46,"column":2},"end":{"line":46,"column":2}},{"start":{"line":46,"column":2},"end":{"line":46,"column":2}}]},"5":{"line":50,"type":"if","locations":[{"start":{"line":50,"column":2},"end":{"line":50,"column":2}},{"start":{"line":50,"column":2},"end":{"line":50,"column":2}}]},"6":{"line":54,"type":"binary-expr","locations":[{"start":{"line":54,"column":12},"end":{"line":54,"column":22}},{"start":{"line":54,"column":27},"end":{"line":54,"column":38}},{"start":{"line":54,"column":42},"end":{"line":54,"column":57}},{"start":{"line":54,"column":61},"end":{"line":54,"column":80}}]},"7":{"line":56,"type":"if","locations":[{"start":{"line":56,"column":2},"end":{"line":56,"column":2}},{"start":{"line":56,"column":2},"end":{"line":56,"column":2}}]},"8":{"line":67,"type":"cond-expr","locations":[{"start":{"line":67,"column":115},"end":{"line":69,"column":4}},{"start":{"line":69,"column":7},"end":{"line":69,"column":12}}]},"9":{"line":67,"type":"binary-expr","locations":[{"start":{"line":67,"column":23},"end":{"line":67,"column":36}},{"start":{"line":67,"column":40},"end":{"line":67,"column":60}},{"start":{"line":67,"column":64},"end":{"line":67,"column":111}}]},"10":{"line":71,"type":"if","locations":[{"start":{"line":71,"column":2},"end":{"line":71,"column":2}},{"start":{"line":71,"column":2},"end":{"line":71,"column":2}}]},"11":{"line":71,"type":"binary-expr","locations":[{"start":{"line":71,"column":6},"end":{"line":71,"column":26}},{"start":{"line":71,"column":30},"end":{"line":71,"column":77}}]},"12":{"line":75,"type":"if","locations":[{"start":{"line":75,"column":2},"end":{"line":75,"column":2}},{"start":{"line":75,"column":2},"end":{"line":75,"column":2}}]},"13":{"line":80,"type":"if","locations":[{"start":{"line":80,"column":2},"end":{"line":80,"column":2}},{"start":{"line":80,"column":2},"end":{"line":80,"column":2}}]},"14":{"line":80,"type":"binary-expr","locations":[{"start":{"line":80,"column":6},"end":{"line":80,"column":18}},{"start":{"line":80,"column":22},"end":{"line":80,"column":43}},{"start":{"line":80,"column":47},"end":{"line":80,"column":60}}]},"15":{"line":82,"type":"if","locations":[{"start":{"line":82,"column":4},"end":{"line":82,"column":4}},{"start":{"line":82,"column":4},"end":{"line":82,"column":4}}]},"16":{"line":87,"type":"if","locations":[{"start":{"line":87,"column":6},"end":{"line":87,"column":6},"skip":true},{"start":{"line":87,"column":6},"end":{"line":87,"column":6}}]},"17":{"line":95,"type":"if","locations":[{"start":{"line":95,"column":6},"end":{"line":95,"column":6},"skip":true},{"start":{"line":95,"column":6},"end":{"line":95,"column":6}}]},"18":{"line":100,"type":"if","locations":[{"start":{"line":100,"column":6},"end":{"line":100,"column":6}},{"start":{"line":100,"column":6},"end":{"line":100,"column":6}}]},"19":{"line":113,"type":"if","locations":[{"start":{"line":113,"column":4},"end":{"line":113,"column":4},"skip":true},{"start":{"line":113,"column":4},"end":{"line":113,"column":4}}]},"20":{"line":122,"type":"if","locations":[{"start":{"line":122,"column":6},"end":{"line":122,"column":6},"skip":true},{"start":{"line":122,"column":6},"end":{"line":122,"column":6}}]},"21":{"line":145,"type":"if","locations":[{"start":{"line":145,"column":6},"end":{"line":145,"column":6},"skip":true},{"start":{"line":145,"column":6},"end":{"line":145,"column":6}}]},"22":{"line":151,"type":"if","locations":[{"start":{"line":151,"column":6},"end":{"line":151,"column":6}},{"start":{"line":151,"column":6},"end":{"line":151,"column":6}}]},"23":{"line":153,"type":"if","locations":[{"start":{"line":153,"column":8},"end":{"line":153,"column":8}},{"start":{"line":153,"column":8},"end":{"line":153,"column":8}}]},"24":{"line":161,"type":"if","locations":[{"start":{"line":161,"column":6},"end":{"line":161,"column":6}},{"start":{"line":161,"column":6},"end":{"line":161,"column":6}}]},"25":{"line":167,"type":"if","locations":[{"start":{"line":167,"column":8},"end":{"line":167,"column":8}},{"start":{"line":167,"column":8},"end":{"line":167,"column":8}}]}}},"/Users/xyz/Sites/github/connect-cas2/lib/getProxyTicketThroughRestletReq.js":{"path":"/Users/xyz/Sites/github/connect-cas2/lib/getProxyTicketThroughRestletReq.js","s":{"1":3,"2":3,"3":3,"4":3,"5":1,"6":9,"7":9,"8":9,"9":9,"10":9,"11":9,"12":9,"13":1,"14":3,"15":1,"16":1,"17":2,"18":2,"19":2,"20":9,"21":3,"22":3,"23":6,"24":6,"25":6,"26":0,"27":0,"28":0,"29":6,"30":0,"31":0,"32":6,"33":6,"34":6,"35":6,"36":6,"37":6,"38":6,"39":6,"40":0,"41":0,"42":0,"43":0,"44":0,"45":1,"46":10,"47":10,"48":10,"49":8,"50":8,"51":8,"52":8,"53":10,"54":3},"b":{"1":[1,2],"2":[3,6],"3":[0,6],"4":[0,6],"5":[6,0],"6":[6,0],"7":[6,0],"8":[8,2]},"f":{"1":9,"2":3,"3":6,"4":10},"fnMap":{"1":{"name":"getProxyTicketThroughRestletReq","line":17,"loc":{"start":{"line":17,"column":0},"end":{"line":17,"column":87}}},"2":{"name":"retryHandler","line":27,"loc":{"start":{"line":27,"column":2},"end":{"line":27,"column":29}}},"3":{"name":"(anonymous_3)","line":55,"loc":{"start":{"line":55,"column":83},"end":{"line":55,"column":107}}},"4":{"name":"parseResponse","line":101,"loc":{"start":{"line":101,"column":0},"end":{"line":101,"column":29}}}},"statementMap":{"1":{"start":{"line":1,"column":0},"end":{"line":1,"column":51}},"2":{"start":{"line":2,"column":0},"end":{"line":2,"column":50}},"3":{"start":{"line":3,"column":0},"end":{"line":3,"column":31}},"4":{"start":{"line":4,"column":0},"end":{"line":4,"column":25}},"5":{"start":{"line":17,"column":0},"end":{"line":94,"column":1}},"6":{"start":{"line":18,"column":2},"end":{"line":18,"column":29}},"7":{"start":{"line":19,"column":2},"end":{"line":19,"column":18}},"8":{"start":{"line":20,"column":2},"end":{"line":20,"column":45}},"9":{"start":{"line":21,"column":2},"end":{"line":21,"column":52}},"10":{"start":{"line":22,"column":2},"end":{"line":22,"column":45}},"11":{"start":{"line":23,"column":2},"end":{"line":23,"column":44}},"12":{"start":{"line":25,"column":2},"end":{"line":25,"column":56}},"13":{"start":{"line":27,"column":2},"end":{"line":42,"column":3}},"14":{"start":{"line":28,"column":4},"end":{"line":31,"column":5}},"15":{"start":{"line":29,"column":6},"end":{"line":29,"column":116}},"16":{"start":{"line":30,"column":6},"end":{"line":30,"column":27}},"17":{"start":{"line":32,"column":4},"end":{"line":32,"column":77}},"18":{"start":{"line":34,"column":4},"end":{"line":34,"column":51}},"19":{"start":{"line":37,"column":4},"end":{"line":41,"column":17}},"20":{"start":{"line":44,"column":2},"end":{"line":93,"column":3}},"21":{"start":{"line":45,"column":4},"end":{"line":45,"column":95}},"22":{"start":{"line":47,"column":4},"end":{"line":52,"column":17}},"23":{"start":{"line":54,"column":4},"end":{"line":54,"column":100}},"24":{"start":{"line":55,"column":4},"end":{"line":92,"column":7}},"25":{"start":{"line":56,"column":6},"end":{"line":60,"column":7}},"26":{"start":{"line":57,"column":8},"end":{"line":57,"column":78}},"27":{"start":{"line":58,"column":8},"end":{"line":58,"column":34}},"28":{"start":{"line":59,"column":8},"end":{"line":59,"column":29}},"29":{"start":{"line":62,"column":6},"end":{"line":65,"column":7}},"30":{"start":{"line":63,"column":8},"end":{"line":63,"column":87}},"31":{"start":{"line":64,"column":8},"end":{"line":64,"column":101}},"32":{"start":{"line":67,"column":6},"end":{"line":91,"column":7}},"33":{"start":{"line":68,"column":8},"end":{"line":68,"column":106}},"34":{"start":{"line":69,"column":8},"end":{"line":69,"column":43}},"35":{"start":{"line":71,"column":8},"end":{"line":86,"column":9}},"36":{"start":{"line":72,"column":10},"end":{"line":72,"column":71}},"37":{"start":{"line":73,"column":10},"end":{"line":73,"column":59}},"38":{"start":{"line":75,"column":10},"end":{"line":75,"column":72}},"39":{"start":{"line":77,"column":10},"end":{"line":82,"column":23}},"40":{"start":{"line":84,"column":10},"end":{"line":84,"column":79}},"41":{"start":{"line":85,"column":10},"end":{"line":85,"column":78}},"42":{"start":{"line":88,"column":8},"end":{"line":88,"column":71}},"43":{"start":{"line":89,"column":8},"end":{"line":89,"column":30}},"44":{"start":{"line":90,"column":8},"end":{"line":90,"column":86}},"45":{"start":{"line":101,"column":0},"end":{"line":114,"column":1}},"46":{"start":{"line":102,"column":2},"end":{"line":102,"column":15}},"47":{"start":{"line":103,"column":2},"end":{"line":103,"column":49}},"48":{"start":{"line":104,"column":2},"end":{"line":111,"column":3}},"49":{"start":{"line":105,"column":4},"end":{"line":105,"column":23}},"50":{"start":{"line":107,"column":4},"end":{"line":107,"column":38}},"51":{"start":{"line":108,"column":4},"end":{"line":108,"column":32}},"52":{"start":{"line":110,"column":4},"end":{"line":110,"column":57}},"53":{"start":{"line":113,"column":2},"end":{"line":113,"column":13}},"54":{"start":{"line":116,"column":0},"end":{"line":116,"column":49}}},"branchMap":{"1":{"line":28,"type":"if","locations":[{"start":{"line":28,"column":4},"end":{"line":28,"column":4}},{"start":{"line":28,"column":4},"end":{"line":28,"column":4}}]},"2":{"line":44,"type":"if","locations":[{"start":{"line":44,"column":2},"end":{"line":44,"column":2}},{"start":{"line":44,"column":2},"end":{"line":44,"column":2}}]},"3":{"line":56,"type":"if","locations":[{"start":{"line":56,"column":6},"end":{"line":56,"column":6}},{"start":{"line":56,"column":6},"end":{"line":56,"column":6}}]},"4":{"line":62,"type":"if","locations":[{"start":{"line":62,"column":6},"end":{"line":62,"column":6}},{"start":{"line":62,"column":6},"end":{"line":62,"column":6}}]},"5":{"line":67,"type":"if","locations":[{"start":{"line":67,"column":6},"end":{"line":67,"column":6}},{"start":{"line":67,"column":6},"end":{"line":67,"column":6}}]},"6":{"line":67,"type":"binary-expr","locations":[{"start":{"line":67,"column":10},"end":{"line":67,"column":33}},{"start":{"line":67,"column":37},"end":{"line":67,"column":60}}]},"7":{"line":71,"type":"if","locations":[{"start":{"line":71,"column":8},"end":{"line":71,"column":8}},{"start":{"line":71,"column":8},"end":{"line":71,"column":8}}]},"8":{"line":104,"type":"if","locations":[{"start":{"line":104,"column":2},"end":{"line":104,"column":2}},{"start":{"line":104,"column":2},"end":{"line":104,"column":2}}]}}},"/Users/xyz/Sites/github/connect-cas2/lib/globalStoreCache.js":{"path":"/Users/xyz/Sites/github/connect-cas2/lib/globalStoreCache.js","s":{"1":1,"2":1,"3":18,"4":1,"5":10,"6":1,"7":3,"8":1,"9":1,"10":1,"11":6,"12":1,"13":3,"14":1},"b":{},"f":{"1":18,"2":10,"3":3,"4":1,"5":6,"6":3},"fnMap":{"1":{"name":"get","line":3,"loc":{"start":{"line":3,"column":0},"end":{"line":3,"column":18}}},"2":{"name":"set","line":7,"loc":{"start":{"line":7,"column":0},"end":{"line":7,"column":25}}},"3":{"name":"remove","line":11,"loc":{"start":{"line":11,"column":0},"end":{"line":11,"column":21}}},"4":{"name":"contains","line":15,"loc":{"start":{"line":15,"column":0},"end":{"line":15,"column":23}}},"5":{"name":"clear","line":19,"loc":{"start":{"line":19,"column":0},"end":{"line":19,"column":17}}},"6":{"name":"getAll","line":23,"loc":{"start":{"line":23,"column":0},"end":{"line":23,"column":18}}}},"statementMap":{"1":{"start":{"line":1,"column":0},"end":{"line":1,"column":15}},"2":{"start":{"line":3,"column":0},"end":{"line":5,"column":1}},"3":{"start":{"line":4,"column":2},"end":{"line":4,"column":20}},"4":{"start":{"line":7,"column":0},"end":{"line":9,"column":1}},"5":{"start":{"line":8,"column":2},"end":{"line":8,"column":21}},"6":{"start":{"line":11,"column":0},"end":{"line":13,"column":1}},"7":{"start":{"line":12,"column":2},"end":{"line":12,"column":20}},"8":{"start":{"line":15,"column":0},"end":{"line":17,"column":1}},"9":{"start":{"line":16,"column":2},"end":{"line":16,"column":22}},"10":{"start":{"line":19,"column":0},"end":{"line":21,"column":1}},"11":{"start":{"line":20,"column":2},"end":{"line":20,"column":13}},"12":{"start":{"line":23,"column":0},"end":{"line":25,"column":1}},"13":{"start":{"line":24,"column":2},"end":{"line":24,"column":15}},"14":{"start":{"line":27,"column":0},"end":{"line":34,"column":2}}},"branchMap":{}},"/Users/xyz/Sites/github/connect-cas2/lib/PTStroe.js":{"path":"/Users/xyz/Sites/github/connect-cas2/lib/PTStroe.js","s":{"1":1,"2":1,"3":1,"4":1,"5":1,"6":1,"7":42,"8":1,"9":11,"10":11,"11":4,"12":11,"13":11,"14":11,"15":11,"16":11,"17":0,"18":0,"19":0,"20":11,"21":11,"22":1,"23":18,"24":18,"25":7,"26":18,"27":18,"28":9,"29":9,"30":9,"31":9,"32":9,"33":2,"34":2,"35":7,"36":7,"37":9,"38":1,"39":4,"40":4,"41":0,"42":4,"43":1,"44":1,"45":3,"46":3,"47":3,"48":0,"49":0,"50":0,"51":3,"52":3,"53":1,"54":2,"55":0,"56":2,"57":2,"58":2,"59":0,"60":2,"61":1},"b":{"1":[4,7],"2":[0,11],"3":[7,11],"4":[9,9],"5":[2,7],"6":[0,4],"7":[1,3],"8":[0,3],"9":[0,2],"10":[0,2]},"f":{"1":42,"2":11,"3":11,"4":18,"5":4,"6":3,"7":2,"8":2},"fnMap":{"1":{"name":"PTStore","line":18,"loc":{"start":{"line":18,"column":0},"end":{"line":18,"column":26}}},"2":{"name":"(anonymous_2)","line":22,"loc":{"start":{"line":22,"column":24},"end":{"line":22,"column":60}}},"3":{"name":"(anonymous_3)","line":31,"loc":{"start":{"line":31,"column":19},"end":{"line":31,"column":33}}},"4":{"name":"(anonymous_4)","line":44,"loc":{"start":{"line":44,"column":24},"end":{"line":44,"column":53}}},"5":{"name":"(anonymous_5)","line":71,"loc":{"start":{"line":71,"column":27},"end":{"line":71,"column":56}}},"6":{"name":"(anonymous_6)","line":80,"loc":{"start":{"line":80,"column":19},"end":{"line":80,"column":33}}},"7":{"name":"(anonymous_7)","line":92,"loc":{"start":{"line":92,"column":26},"end":{"line":92,"column":50}}},"8":{"name":"(anonymous_8)","line":96,"loc":{"start":{"line":96,"column":19},"end":{"line":96,"column":33}}}},"statementMap":{"1":{"start":{"line":1,"column":0},"end":{"line":1,"column":26}},"2":{"start":{"line":2,"column":0},"end":{"line":2,"column":31}},"3":{"start":{"line":4,"column":0},"end":{"line":4,"column":16}},"4":{"start":{"line":5,"column":0},"end":{"line":5,"column":22}},"5":{"start":{"line":7,"column":0},"end":{"line":9,"column":2}},"6":{"start":{"line":18,"column":0},"end":{"line":20,"column":1}},"7":{"start":{"line":19,"column":2},"end":{"line":19,"column":51}},"8":{"start":{"line":22,"column":0},"end":{"line":42,"column":2}},"9":{"start":{"line":23,"column":2},"end":{"line":23,"column":50}},"10":{"start":{"line":24,"column":2},"end":{"line":24,"column":57}},"11":{"start":{"line":24,"column":30},"end":{"line":24,"column":57}},"12":{"start":{"line":27,"column":2},"end":{"line":27,"column":34}},"13":{"start":{"line":28,"column":2},"end":{"line":28,"column":44}},"14":{"start":{"line":29,"column":2},"end":{"line":29,"column":55}},"15":{"start":{"line":31,"column":2},"end":{"line":41,"column":5}},"16":{"start":{"line":32,"column":4},"end":{"line":36,"column":5}},"17":{"start":{"line":33,"column":6},"end":{"line":33,"column":64}},"18":{"start":{"line":34,"column":6},"end":{"line":34,"column":24}},"19":{"start":{"line":35,"column":6},"end":{"line":35,"column":27}},"20":{"start":{"line":38,"column":4},"end":{"line":38,"column":82}},"21":{"start":{"line":40,"column":4},"end":{"line":40,"column":15}},"22":{"start":{"line":44,"column":0},"end":{"line":69,"column":2}},"23":{"start":{"line":45,"column":2},"end":{"line":45,"column":50}},"24":{"start":{"line":46,"column":2},"end":{"line":46,"column":57}},"25":{"start":{"line":46,"column":30},"end":{"line":46,"column":57}},"26":{"start":{"line":48,"column":2},"end":{"line":48,"column":42}},"27":{"start":{"line":49,"column":2},"end":{"line":68,"column":3}},"28":{"start":{"line":50,"column":4},"end":{"line":50,"column":41}},"29":{"start":{"line":51,"column":4},"end":{"line":51,"column":30}},"30":{"start":{"line":53,"column":4},"end":{"line":53,"column":46}},"31":{"start":{"line":54,"column":4},"end":{"line":54,"column":87}},"32":{"start":{"line":56,"column":4},"end":{"line":60,"column":5}},"33":{"start":{"line":57,"column":6},"end":{"line":57,"column":60}},"34":{"start":{"line":59,"column":6},"end":{"line":59,"column":45}},"35":{"start":{"line":62,"column":4},"end":{"line":62,"column":77}},"36":{"start":{"line":65,"column":4},"end":{"line":65,"column":26}},"37":{"start":{"line":67,"column":4},"end":{"line":67,"column":19}},"38":{"start":{"line":71,"column":0},"end":{"line":90,"column":2}},"39":{"start":{"line":72,"column":2},"end":{"line":72,"column":50}},"40":{"start":{"line":73,"column":2},"end":{"line":73,"column":57}},"41":{"start":{"line":73,"column":30},"end":{"line":73,"column":57}},"42":{"start":{"line":74,"column":2},"end":{"line":77,"column":3}},"43":{"start":{"line":75,"column":4},"end":{"line":75,"column":85}},"44":{"start":{"line":76,"column":4},"end":{"line":76,"column":26}},"45":{"start":{"line":79,"column":2},"end":{"line":79,"column":36}},"46":{"start":{"line":80,"column":2},"end":{"line":89,"column":5}},"47":{"start":{"line":81,"column":4},"end":{"line":85,"column":5}},"48":{"start":{"line":82,"column":6},"end":{"line":82,"column":45}},"49":{"start":{"line":83,"column":6},"end":{"line":83,"column":24}},"50":{"start":{"line":84,"column":6},"end":{"line":84,"column":27}},"51":{"start":{"line":87,"column":4},"end":{"line":87,"column":49}},"52":{"start":{"line":88,"column":4},"end":{"line":88,"column":19}},"53":{"start":{"line":92,"column":0},"end":{"line":100,"column":2}},"54":{"start":{"line":93,"column":2},"end":{"line":93,"column":52}},"55":{"start":{"line":93,"column":30},"end":{"line":93,"column":52}},"56":{"start":{"line":95,"column":2},"end":{"line":95,"column":29}},"57":{"start":{"line":96,"column":2},"end":{"line":99,"column":5}},"58":{"start":{"line":97,"column":4},"end":{"line":97,"column":34}},"59":{"start":{"line":97,"column":13},"end":{"line":97,"column":34}},"60":{"start":{"line":98,"column":4},"end":{"line":98,"column":19}},"61":{"start":{"line":102,"column":0},"end":{"line":102,"column":25}}},"branchMap":{"1":{"line":24,"type":"if","locations":[{"start":{"line":24,"column":2},"end":{"line":24,"column":2}},{"start":{"line":24,"column":2},"end":{"line":24,"column":2}}]},"2":{"line":32,"type":"if","locations":[{"start":{"line":32,"column":4},"end":{"line":32,"column":4}},{"start":{"line":32,"column":4},"end":{"line":32,"column":4}}]},"3":{"line":46,"type":"if","locations":[{"start":{"line":46,"column":2},"end":{"line":46,"column":2}},{"start":{"line":46,"column":2},"end":{"line":46,"column":2}}]},"4":{"line":49,"type":"if","locations":[{"start":{"line":49,"column":2},"end":{"line":49,"column":2}},{"start":{"line":49,"column":2},"end":{"line":49,"column":2}}]},"5":{"line":56,"type":"if","locations":[{"start":{"line":56,"column":4},"end":{"line":56,"column":4}},{"start":{"line":56,"column":4},"end":{"line":56,"column":4}}]},"6":{"line":73,"type":"if","locations":[{"start":{"line":73,"column":2},"end":{"line":73,"column":2}},{"start":{"line":73,"column":2},"end":{"line":73,"column":2}}]},"7":{"line":74,"type":"if","locations":[{"start":{"line":74,"column":2},"end":{"line":74,"column":2}},{"start":{"line":74,"column":2},"end":{"line":74,"column":2}}]},"8":{"line":81,"type":"if","locations":[{"start":{"line":81,"column":4},"end":{"line":81,"column":4}},{"start":{"line":81,"column":4},"end":{"line":81,"column":4}}]},"9":{"line":93,"type":"if","locations":[{"start":{"line":93,"column":2},"end":{"line":93,"column":2}},{"start":{"line":93,"column":2},"end":{"line":93,"column":2}}]},"10":{"line":97,"type":"if","locations":[{"start":{"line":97,"column":4},"end":{"line":97,"column":4}},{"start":{"line":97,"column":4},"end":{"line":97,"column":4}}]}}},"/Users/xyz/Sites/github/connect-cas2/lib/clearRestletTGTs.js":{"path":"/Users/xyz/Sites/github/connect-cas2/lib/clearRestletTGTs.js","s":{"1":1,"2":1,"3":1,"4":1,"5":1,"6":1,"7":1,"8":1,"9":1,"10":1,"11":2,"12":1,"13":1,"14":1,"15":0,"16":0,"17":1,"18":1,"19":1,"20":2,"21":1,"22":1,"23":1,"24":0,"25":1,"26":1},"b":{"1":[1,1],"2":[2,2],"3":[0,1],"4":[1,1],"5":[0,1]},"f":{"1":1,"2":2,"3":2,"4":1},"fnMap":{"1":{"name":"clearRestletTGTs","line":4,"loc":{"start":{"line":4,"column":0},"end":{"line":4,"column":53}}},"2":{"name":"next","line":15,"loc":{"start":{"line":15,"column":29},"end":{"line":15,"column":58}}},"3":{"name":"execQueue","line":31,"loc":{"start":{"line":31,"column":2},"end":{"line":31,"column":33}}},"4":{"name":"(anonymous_4)","line":34,"loc":{"start":{"line":34,"column":30},"end":{"line":34,"column":54}}}},"statementMap":{"1":{"start":{"line":1,"column":0},"end":{"line":1,"column":48}},"2":{"start":{"line":2,"column":0},"end":{"line":2,"column":31}},"3":{"start":{"line":4,"column":0},"end":{"line":40,"column":1}},"4":{"start":{"line":5,"column":2},"end":{"line":5,"column":45}},"5":{"start":{"line":6,"column":2},"end":{"line":6,"column":34}},"6":{"start":{"line":7,"column":2},"end":{"line":7,"column":67}},"7":{"start":{"line":9,"column":2},"end":{"line":9,"column":31}},"8":{"start":{"line":11,"column":2},"end":{"line":13,"column":3}},"9":{"start":{"line":12,"column":4},"end":{"line":12,"column":49}},"10":{"start":{"line":15,"column":2},"end":{"line":28,"column":5}},"11":{"start":{"line":16,"column":4},"end":{"line":19,"column":5}},"12":{"start":{"line":17,"column":6},"end":{"line":17,"column":26}},"13":{"start":{"line":18,"column":6},"end":{"line":18,"column":24}},"14":{"start":{"line":21,"column":4},"end":{"line":24,"column":5}},"15":{"start":{"line":22,"column":6},"end":{"line":22,"column":51}},"16":{"start":{"line":23,"column":6},"end":{"line":23,"column":24}},"17":{"start":{"line":26,"column":4},"end":{"line":26,"column":12}},"18":{"start":{"line":27,"column":4},"end":{"line":27,"column":37}},"19":{"start":{"line":31,"column":2},"end":{"line":39,"column":3}},"20":{"start":{"line":32,"column":4},"end":{"line":32,"column":29}},"21":{"start":{"line":32,"column":15},"end":{"line":32,"column":29}},"22":{"start":{"line":34,"column":4},"end":{"line":38,"column":7}},"23":{"start":{"line":35,"column":6},"end":{"line":35,"column":25}},"24":{"start":{"line":35,"column":15},"end":{"line":35,"column":25}},"25":{"start":{"line":37,"column":6},"end":{"line":37,"column":27}},"26":{"start":{"line":42,"column":0},"end":{"line":42,"column":34}}},"branchMap":{"1":{"line":16,"type":"if","locations":[{"start":{"line":16,"column":4},"end":{"line":16,"column":4}},{"start":{"line":16,"column":4},"end":{"line":16,"column":4}}]},"2":{"line":16,"type":"binary-expr","locations":[{"start":{"line":16,"column":8},"end":{"line":16,"column":12}},{"start":{"line":16,"column":16},"end":{"line":16,"column":25}}]},"3":{"line":21,"type":"if","locations":[{"start":{"line":21,"column":4},"end":{"line":21,"column":4}},{"start":{"line":21,"column":4},"end":{"line":21,"column":4}}]},"4":{"line":32,"type":"if","locations":[{"start":{"line":32,"column":4},"end":{"line":32,"column":4}},{"start":{"line":32,"column":4},"end":{"line":32,"column":4}}]},"5":{"line":35,"type":"if","locations":[{"start":{"line":35,"column":6},"end":{"line":35,"column":6}},{"start":{"line":35,"column":6},"end":{"line":35,"column":6}}]}}}}