TN:
SF:/Users/xyz/Sites/github/connect-cas2/index.js
FN:56,ConnectCas
FN:71,(anonymous_2)
FN:84,(anonymous_3)
FN:87,(anonymous_4)
FN:91,(anonymous_5)
FN:130,(anonymous_6)
FN:180,(anonymous_7)
FN:183,(anonymous_8)
FN:201,(anonymous_9)
FNF:9
FNH:6
FNDA:38,ConnectCas
FNDA:0,(anonymous_2)
FNDA:0,(anonymous_3)
FNDA:38,(anonymous_4)
FNDA:79,(anonymous_5)
FNDA:25,(anonymous_6)
FNDA:38,(anonymous_7)
FNDA:1,(anonymous_8)
FNDA:0,(anonymous_9)
DA:1,1
DA:3,1
DA:4,1
DA:5,1
DA:6,1
DA:7,1
DA:8,1
DA:9,1
DA:10,1
DA:11,1
DA:12,1
DA:13,1
DA:15,1
DA:56,1
DA:57,38
DA:59,38
DA:61,38
DA:63,38
DA:64,37
DA:71,38
DA:72,0
DA:75,38
DA:76,0
DA:79,38
DA:81,38
DA:84,1
DA:87,1
DA:88,38
DA:89,38
DA:91,38
DA:92,79
DA:93,79
DA:95,79
DA:96,79
DA:98,79
DA:105,79
DA:107,79
DA:108,79
DA:109,79
DA:111,79
DA:112,79
DA:113,8
DA:114,8
DA:118,0
DA:130,79
DA:132,25
DA:133,25
DA:134,25
DA:139,25
DA:141,25
DA:142,25
DA:148,0
DA:151,0
DA:155,79
DA:156,8
DA:157,8
DA:160,71
DA:162,68
DA:163,66
DA:165,19
DA:167,15
DA:169,32
DA:172,2
DA:173,2
DA:176,0
DA:180,1
DA:181,38
DA:183,38
DA:184,1
DA:185,0
DA:189,1
DA:190,1
DA:193,0
DA:197,1
DA:201,1
DA:202,0
DA:205,1
LF:77
LH:68
BRDA:57,1,0,0
BRDA:57,1,1,38
BRDA:61,2,0,0
BRDA:61,2,1,38
BRDA:61,3,0,38
BRDA:61,3,1,38
BRDA:63,4,0,37
BRDA:63,4,1,1
BRDA:63,5,0,38
BRDA:63,5,1,38
BRDA:71,6,0,38
BRDA:71,6,1,0
BRDA:75,7,0,0
BRDA:75,7,1,38
BRDA:75,8,0,38
BRDA:75,8,1,38
BRDA:79,9,0,38
BRDA:79,9,1,5
BRDA:81,10,0,0
BRDA:81,10,1,38
BRDA:81,11,0,38
BRDA:81,11,1,0
BRDA:92,12,0,0
BRDA:92,12,1,79
BRDA:93,13,0,0
BRDA:93,13,1,79
BRDA:107,14,0,79
BRDA:107,14,1,0
BRDA:108,15,0,79
BRDA:108,15,1,0
BRDA:112,16,0,8
BRDA:112,16,1,71
BRDA:112,17,0,79
BRDA:112,17,1,79
BRDA:112,17,2,79
BRDA:132,18,0,25
BRDA:132,18,1,0
BRDA:141,19,0,25
BRDA:141,19,1,0
BRDA:142,20,0,7
BRDA:142,20,1,18
BRDA:155,21,0,8
BRDA:155,21,1,71
BRDA:160,22,0,3
BRDA:160,22,1,68
BRDA:162,23,0,66
BRDA:162,23,1,2
BRDA:163,24,0,19
BRDA:163,24,1,15
BRDA:163,24,2,32
BRDA:172,25,0,2
BRDA:172,25,1,0
BRDA:172,26,0,2
BRDA:172,26,1,2
BRDA:172,26,2,2
BRDA:184,27,0,0
BRDA:184,27,1,1
BRDA:189,28,0,1
BRDA:189,28,1,0
BRF:59
BRH:44
end_of_record
TN:
SF:/Users/xyz/Sites/github/connect-cas2/lib/validate.js
FN:17,validate
FN:32,(anonymous_2)
FN:44,(anonymous_3)
FN:70,(anonymous_4)
FN:87,(anonymous_5)
FN:136,validateTicket
FN:148,(anonymous_7)
FN:167,parseCasResponse
FN:171,(anonymous_9)
FN:214,retrievePGTFromPGTIOU
FN:217,(anonymous_11)
FN:239,(anonymous_12)
FNF:12
FNH:12
FNDA:19,validate
FNDA:17,(anonymous_2)
FNDA:16,(anonymous_3)
FNDA:14,(anonymous_4)
FNDA:3,(anonymous_5)
FNDA:17,validateTicket
FNDA:17,(anonymous_7)
FNDA:22,parseCasResponse
FNDA:22,(anonymous_9)
FNDA:11,retrievePGTFromPGTIOU
FNDA:11,(anonymous_11)
FNDA:11,(anonymous_12)
DA:1,2
DA:2,2
DA:3,2
DA:4,2
DA:5,2
DA:6,2
DA:17,1
DA:19,19
DA:20,19
DA:21,19
DA:23,19
DA:25,19
DA:26,18
DA:27,18
DA:28,1
DA:29,1
DA:32,17
DA:34,17
DA:35,1
DA:41,17
DA:42,17
DA:44,16
DA:45,16
DA:46,1
DA:49,1
DA:50,1
DA:53,15
DA:54,1
DA:59,14
DA:61,14
DA:63,14
DA:65,14
DA:67,14
DA:69,14
DA:70,14
DA:72,14
DA:73,1
DA:74,1
DA:79,14
DA:80,3
DA:81,0
DA:82,0
DA:86,3
DA:87,3
DA:89,3
DA:90,1
DA:91,1
DA:92,1
DA:97,3
DA:98,1
DA:99,1
DA:102,2
DA:106,3
DA:109,11
DA:113,1
DA:114,1
DA:120,1
DA:121,1
DA:122,1
DA:126,2
DA:136,1
DA:137,17
DA:142,17
DA:144,17
DA:146,17
DA:148,17
DA:150,17
DA:151,1
DA:152,1
DA:153,1
DA:156,17
DA:167,1
DA:168,22
DA:173,22
DA:174,1
DA:175,1
DA:176,1
DA:181,21
DA:182,0
DA:183,0
DA:188,21
DA:190,21
DA:191,5
DA:192,5
DA:193,5
DA:196,16
DA:197,16
DA:198,28
DA:201,16
DA:214,1
DA:215,11
DA:217,11
DA:219,11
DA:220,1
DA:221,1
DA:222,1
DA:223,1
DA:229,11
DA:230,11
DA:232,11
DA:233,0
DA:234,0
DA:237,11
DA:239,11
DA:241,11
DA:242,1
DA:243,1
DA:244,1
DA:251,11
DA:254,11
DA:255,1
DA:256,1
DA:259,11
DA:260,11
DA:263,0
DA:264,0
LF:116
LH:108
BRDA:19,1,0,19
BRDA:19,1,1,19
BRDA:19,1,2,1
BRDA:25,2,0,18
BRDA:25,2,1,1
BRDA:27,3,0,1
BRDA:27,3,1,17
BRDA:27,4,0,18
BRDA:27,4,1,18
BRDA:27,4,2,1
BRDA:27,4,3,1
BRDA:34,5,0,0
BRDA:34,5,1,17
BRDA:42,6,0,16
BRDA:42,6,1,1
BRDA:45,7,0,1
BRDA:45,7,1,15
BRDA:49,8,0,1
BRDA:49,8,1,0
BRDA:49,9,0,1
BRDA:49,9,1,1
BRDA:53,10,0,1
BRDA:53,10,1,14
BRDA:53,11,0,15
BRDA:53,11,1,15
BRDA:53,11,2,15
BRDA:69,12,0,14
BRDA:69,12,1,0
BRDA:72,13,0,0
BRDA:72,13,1,14
BRDA:79,14,0,3
BRDA:79,14,1,11
BRDA:80,15,0,0
BRDA:80,15,1,3
BRDA:89,16,0,0
BRDA:89,16,1,3
BRDA:97,17,0,1
BRDA:97,17,1,2
BRDA:97,18,0,3
BRDA:97,18,1,1
BRDA:142,19,0,14
BRDA:142,19,1,3
BRDA:150,20,0,0
BRDA:150,20,1,17
BRDA:173,21,0,1
BRDA:173,21,1,21
BRDA:181,22,0,0
BRDA:181,22,1,21
BRDA:188,23,0,21
BRDA:188,23,1,16
BRDA:190,24,0,5
BRDA:190,24,1,16
BRDA:219,25,0,0
BRDA:219,25,1,11
BRDA:229,26,0,11
BRDA:229,26,1,0
BRDA:229,27,0,11
BRDA:229,27,1,11
BRDA:232,28,0,0
BRDA:232,28,1,11
BRDA:232,29,0,11
BRDA:232,29,1,11
BRDA:232,29,2,11
BRDA:241,30,0,0
BRDA:241,30,1,11
BRDA:254,31,0,0
BRDA:254,31,1,11
BRDA:254,32,0,11
BRDA:254,32,1,0
BRF:69
BRH:62
end_of_record
TN:
SF:/Users/xyz/Sites/github/connect-cas2/lib/utils.js
FN:16,isMatchRule
FN:33,getOrigin
FN:53,shouldIgnore
FN:56,(anonymous_4)
FN:71,(anonymous_5)
FN:87,getLastUrl
FN:107,getRequest
FN:127,postRequest
FN:142,deleteRequest
FN:148,sendRequest
FN:183,(anonymous_11)
FN:185,(anonymous_12)
FN:188,(anonymous_13)
FN:197,(anonymous_14)
FN:209,getPath
FN:240,toArray
FN:245,getLogger
FN:246,(anonymous_18)
FNF:18
FNH:17
FNDA:107,isMatchRule
FNDA:6,getOrigin
FNDA:84,shouldIgnore
FNDA:6,(anonymous_4)
FNDA:77,(anonymous_5)
FNDA:35,getLastUrl
FNDA:175,getRequest
FNDA:14,postRequest
FNDA:4,deleteRequest
FNDA:193,sendRequest
FNDA:192,(anonymous_11)
FNDA:188,(anonymous_12)
FNDA:192,(anonymous_13)
FNDA:0,(anonymous_14)
FNDA:107,getPath
FNDA:7,toArray
FNDA:71,getLogger
FNDA:4,(anonymous_18)
DA:1,1
DA:2,1
DA:3,1
DA:4,1
DA:5,1
DA:6,1
DA:16,1
DA:17,107
DA:18,15
DA:19,92
DA:20,81
DA:21,11
DA:22,11
DA:33,1
DA:34,6
DA:35,6
DA:36,6
DA:37,6
DA:38,0
DA:41,6
DA:53,1
DA:54,84
DA:55,6
DA:56,6
DA:57,6
DA:58,6
DA:61,6
DA:62,3
DA:63,3
DA:66,3
DA:69,78
DA:70,77
DA:71,77
DA:72,77
DA:73,77
DA:76,77
DA:77,6
DA:78,6
DA:81,71
DA:84,1
DA:87,1
DA:88,35
DA:90,35
DA:92,35
DA:94,35
DA:95,31
DA:97,35
DA:107,1
DA:108,175
DA:109,119
DA:110,119
DA:114,56
DA:117,175
DA:118,13
DA:119,13
DA:120,13
DA:121,13
DA:124,175
DA:127,1
DA:128,14
DA:129,13
DA:130,13
DA:135,1
DA:136,1
DA:139,14
DA:142,1
DA:143,4
DA:148,1
DA:149,193
DA:150,193
DA:152,193
DA:153,45
DA:156,193
DA:158,193
DA:159,14
DA:161,14
DA:162,14
DA:165,14
DA:166,14
DA:167,12
DA:168,12
DA:169,39
DA:171,12
DA:172,2
DA:173,0
DA:175,14
DA:179,193
DA:181,193
DA:183,193
DA:184,192
DA:185,192
DA:186,188
DA:188,192
DA:189,192
DA:197,193
DA:198,0
DA:199,0
DA:202,193
DA:203,14
DA:206,193
DA:209,1
DA:210,107
DA:211,107
DA:213,107
DA:215,5
DA:216,5
DA:218,2
DA:219,2
DA:221,16
DA:222,16
DA:223,16
DA:225,18
DA:226,18
DA:228,28
DA:229,28
DA:232,24
DA:233,24
DA:235,14
DA:237,107
DA:240,1
DA:241,7
DA:242,4
DA:245,1
DA:246,71
DA:247,4
DA:250,71
DA:258,1
LF:127
LH:123
BRDA:17,1,0,15
BRDA:17,1,1,92
BRDA:19,2,0,81
BRDA:19,2,1,11
BRDA:21,3,0,11
BRDA:21,3,1,0
BRDA:35,4,0,1
BRDA:35,4,1,5
BRDA:37,5,0,0
BRDA:37,5,1,6
BRDA:41,6,0,0
BRDA:41,6,1,6
BRDA:54,7,0,6
BRDA:54,7,1,78
BRDA:54,8,0,84
BRDA:54,8,1,78
BRDA:54,8,2,78
BRDA:61,9,0,3
BRDA:61,9,1,3
BRDA:69,10,0,77
BRDA:69,10,1,1
BRDA:69,11,0,78
BRDA:69,11,1,78
BRDA:69,11,2,78
BRDA:76,12,0,6
BRDA:76,12,1,71
BRDA:88,13,0,3
BRDA:88,13,1,32
BRDA:88,14,0,35
BRDA:88,14,1,34
BRDA:92,15,0,1
BRDA:92,15,1,34
BRDA:94,16,0,31
BRDA:94,16,1,4
BRDA:108,17,0,119
BRDA:108,17,1,56
BRDA:117,18,0,13
BRDA:117,18,1,162
BRDA:128,19,0,13
BRDA:128,19,1,1
BRDA:152,20,0,45
BRDA:152,20,1,148
BRDA:158,21,0,14
BRDA:158,21,1,179
BRDA:159,22,0,13
BRDA:159,22,1,1
BRDA:161,23,0,14
BRDA:161,23,1,0
BRDA:161,24,0,14
BRDA:161,24,1,14
BRDA:165,25,0,14
BRDA:165,25,1,0
BRDA:166,26,0,12
BRDA:166,26,1,2
BRDA:172,27,0,0
BRDA:172,27,1,2
BRDA:183,28,0,3
BRDA:183,28,1,190
BRDA:202,29,0,14
BRDA:202,29,1,179
BRDA:202,30,0,193
BRDA:202,30,1,14
BRDA:210,31,0,0
BRDA:210,31,1,107
BRDA:210,32,0,107
BRDA:210,32,1,107
BRDA:213,33,0,5
BRDA:213,33,1,2
BRDA:213,33,2,16
BRDA:213,33,3,18
BRDA:213,33,4,28
BRDA:213,33,5,23
BRDA:213,33,6,24
BRDA:213,33,7,14
BRDA:222,34,0,1
BRDA:222,34,1,15
BRDA:222,35,0,16
BRDA:222,35,1,1
BRDA:241,36,0,3
BRDA:241,36,1,4
BRDA:246,37,0,71
BRDA:246,37,1,70
BRDA:246,37,2,1
BRF:83
BRH:76
end_of_record
TN:
SF:/Users/xyz/Sites/github/connect-cas2/lib/proxyCallback.js
FN:12,proxyCallback
FN:26,(anonymous_2)
FNF:2
FNH:2
FNDA:15,proxyCallback
FNDA:12,(anonymous_2)
DA:1,1
DA:12,1
DA:13,15
DA:14,15
DA:15,15
DA:17,15
DA:18,3
DA:19,3
DA:26,12
DA:28,12
DA:29,1
DA:30,1
DA:32,1
DA:38,12
DA:40,12
LF:15
LH:15
BRDA:17,1,0,3
BRDA:17,1,1,12
BRDA:17,2,0,15
BRDA:17,2,1,15
BRDA:17,2,2,13
BRDA:28,3,0,0
BRDA:28,3,1,12
BRF:7
BRH:7
end_of_record
TN:
SF:/Users/xyz/Sites/github/connect-cas2/lib/authenticate.js
FN:14,(anonymous_1)
FNF:1
FNH:1
FNDA:32,(anonymous_1)
DA:1,1
DA:2,1
DA:3,1
DA:14,1
DA:15,32
DA:16,32
DA:17,27
DA:18,27
DA:19,27
DA:20,27
DA:21,27
DA:23,0
DA:24,0
DA:28,5
DA:31,5
DA:33,5
DA:35,5
DA:37,5
DA:46,5
DA:47,1
DA:48,1
DA:50,4
DA:51,4
DA:52,4
DA:53,4
LF:25
LH:23
BRDA:16,1,0,27
BRDA:16,1,1,5
BRDA:16,2,0,32
BRDA:16,2,1,32
BRDA:16,2,2,28
BRDA:18,3,0,27
BRDA:18,3,1,0
BRDA:18,4,0,27
BRDA:18,4,1,23
BRDA:18,4,2,4
BRDA:19,5,0,4
BRDA:19,5,1,23
BRDA:20,6,0,23
BRDA:20,6,1,4
BRDA:20,7,0,27
BRDA:20,7,1,23
BRDA:23,8,0,0
BRDA:23,8,1,0
BRDA:23,9,0,0
BRDA:23,9,1,0
BRDA:46,10,0,1
BRDA:46,10,1,4
BRDA:46,11,0,5
BRDA:46,11,1,5
BRDA:46,11,2,5
BRF:25
BRH:20
end_of_record
TN:
SF:/Users/xyz/Sites/github/connect-cas2/lib/slo.js
FN:10,(anonymous_1)
FN:23,(anonymous_2)
FN:26,(anonymous_3)
FN:35,(anonymous_4)
FN:46,(anonymous_5)
FN:64,finnalHandler
FN:65,(anonymous_7)
FNF:7
FNH:7
FNDA:2,(anonymous_1)
FNDA:2,(anonymous_2)
FNDA:2,(anonymous_3)
FNDA:1,(anonymous_4)
FNDA:1,(anonymous_5)
FNDA:1,finnalHandler
FNDA:1,(anonymous_7)
DA:10,1
DA:12,2
DA:13,1
DA:14,1
DA:15,1
DA:20,2
DA:22,2
DA:23,2
DA:24,2
DA:26,2
DA:27,2
DA:28,1
DA:31,1
DA:33,1
DA:35,1
DA:37,1
DA:38,1
DA:39,1
DA:40,1
DA:44,1
DA:45,1
DA:46,1
DA:48,1
DA:49,1
DA:50,1
DA:51,1
DA:54,1
DA:57,1
DA:58,1
DA:64,1
DA:65,1
DA:67,1
DA:68,1
DA:69,1
DA:72,1
LF:35
LH:35
BRDA:12,1,0,0
BRDA:12,1,1,2
BRDA:27,2,0,1
BRDA:27,2,1,1
BRDA:37,3,0,0
BRDA:37,3,1,1
BRDA:44,4,0,1
BRDA:44,4,1,0
BRDA:44,5,0,1
BRDA:44,5,1,1
BRDA:48,6,0,0
BRDA:48,6,1,1
BRDA:67,7,0,0
BRDA:67,7,1,1
BRDA:72,8,0,1
BRDA:72,8,1,0
BRF:16
BRH:15
end_of_record
TN:
SF:/Users/xyz/Sites/github/connect-cas2/lib/getProxyTicket.js
FN:10,parseCasResponse
FN:35,(anonymous_2)
FN:67,(anonymous_3)
FN:85,(anonymous_4)
FN:93,(anonymous_5)
FN:111,getPtHandler
FN:120,(anonymous_7)
FN:141,requestPT
FN:143,(anonymous_9)
FNF:9
FNH:9
FNDA:26,parseCasResponse
FNDA:27,(anonymous_2)
FNDA:18,(anonymous_3)
FNDA:14,(anonymous_4)
FNDA:10,(anonymous_5)
FNDA:7,getPtHandler
FNDA:7,(anonymous_7)
FNDA:24,requestPT
FNDA:24,(anonymous_9)
DA:1,2
DA:2,2
DA:10,1
DA:11,26
DA:12,26
DA:13,26
DA:14,23
DA:15,23
DA:19,26
DA:35,2
DA:36,27
DA:38,27
DA:39,27
DA:41,27
DA:42,27
DA:43,27
DA:44,27
DA:46,27
DA:47,0
DA:50,27
DA:51,9
DA:54,27
DA:56,27
DA:57,0
DA:61,27
DA:62,27
DA:63,27
DA:65,27
DA:67,27
DA:68,18
DA:71,27
DA:72,0
DA:75,27
DA:76,6
DA:80,27
DA:82,17
DA:83,9
DA:85,17
DA:87,14
DA:88,14
DA:91,10
DA:93,10
DA:95,10
DA:96,1
DA:97,1
DA:98,1
DA:100,10
DA:101,3
DA:102,3
DA:105,7
DA:107,7
DA:111,1
DA:113,7
DA:114,1
DA:115,1
DA:116,1
DA:119,7
DA:120,7
DA:122,7
DA:123,1
DA:124,1
DA:126,1
DA:129,7
DA:130,7
DA:141,1
DA:142,24
DA:143,24
DA:145,24
DA:146,1
DA:147,1
DA:148,1
DA:151,24
DA:152,0
DA:153,0
DA:155,0
DA:159,24
DA:161,24
DA:162,21
DA:163,21
DA:165,3
DA:166,3
DA:167,3
DA:168,0
LF:83
LH:76
BRDA:11,1,0,26
BRDA:11,1,1,0
BRDA:13,2,0,23
BRDA:13,2,1,3
BRDA:14,3,0,23
BRDA:14,3,1,0
BRDA:46,4,0,0
BRDA:46,4,1,27
BRDA:50,5,0,9
BRDA:50,5,1,18
BRDA:54,6,0,27
BRDA:54,6,1,18
BRDA:54,6,2,18
BRDA:54,6,3,18
BRDA:56,7,0,0
BRDA:56,7,1,27
BRDA:67,8,0,27
BRDA:67,8,1,0
BRDA:67,9,0,27
BRDA:67,9,1,27
BRDA:67,9,2,27
BRDA:71,10,0,0
BRDA:71,10,1,27
BRDA:71,11,0,27
BRDA:71,11,1,27
BRDA:75,12,0,6
BRDA:75,12,1,21
BRDA:80,13,0,17
BRDA:80,13,1,10
BRDA:80,14,0,27
BRDA:80,14,1,18
BRDA:80,14,2,16
BRDA:82,15,0,9
BRDA:82,15,1,8
BRDA:87,16,0,0
BRDA:87,16,1,14
BRDA:95,17,0,0
BRDA:95,17,1,10
BRDA:100,18,0,3
BRDA:100,18,1,7
BRDA:113,19,0,0
BRDA:113,19,1,7
BRDA:122,20,0,0
BRDA:122,20,1,7
BRDA:145,21,0,0
BRDA:145,21,1,24
BRDA:151,22,0,0
BRDA:151,22,1,24
BRDA:153,23,0,0
BRDA:153,23,1,0
BRDA:161,24,0,21
BRDA:161,24,1,3
BRDA:167,25,0,3
BRDA:167,25,1,0
BRF:54
BRH:44
end_of_record
TN:
SF:/Users/xyz/Sites/github/connect-cas2/lib/getProxyTicketThroughRestletReq.js
FN:17,getProxyTicketThroughRestletReq
FN:27,retryHandler
FN:55,(anonymous_3)
FN:101,parseResponse
FNF:4
FNH:4
FNDA:9,getProxyTicketThroughRestletReq
FNDA:3,retryHandler
FNDA:6,(anonymous_3)
FNDA:10,parseResponse
DA:1,3
DA:2,3
DA:3,3
DA:4,3
DA:17,1
DA:18,9
DA:19,9
DA:20,9
DA:21,9
DA:22,9
DA:23,9
DA:25,9
DA:27,1
DA:28,3
DA:29,1
DA:30,1
DA:32,2
DA:34,2
DA:37,2
DA:44,9
DA:45,3
DA:47,3
DA:54,6
DA:55,6
DA:56,6
DA:57,0
DA:58,0
DA:59,0
DA:62,6
DA:63,0
DA:64,0
DA:67,6
DA:68,6
DA:69,6
DA:71,6
DA:72,6
DA:73,6
DA:75,6
DA:77,6
DA:84,0
DA:85,0
DA:88,0
DA:89,0
DA:90,0
DA:101,1
DA:102,10
DA:103,10
DA:104,10
DA:105,8
DA:107,8
DA:108,8
DA:110,8
DA:113,10
DA:116,3
LF:54
LH:44
BRDA:28,1,0,1
BRDA:28,1,1,2
BRDA:44,2,0,3
BRDA:44,2,1,6
BRDA:56,3,0,0
BRDA:56,3,1,6
BRDA:62,4,0,0
BRDA:62,4,1,6
BRDA:67,5,0,6
BRDA:67,5,1,0
BRDA:67,6,0,6
BRDA:67,6,1,0
BRDA:71,7,0,6
BRDA:71,7,1,0
BRDA:104,8,0,8
BRDA:104,8,1,2
BRF:16
BRH:11
end_of_record
TN:
SF:/Users/xyz/Sites/github/connect-cas2/lib/globalStoreCache.js
FN:3,get
FN:7,set
FN:11,remove
FN:15,contains
FN:19,clear
FN:23,getAll
FNF:6
FNH:6
FNDA:18,get
FNDA:10,set
FNDA:3,remove
FNDA:1,contains
FNDA:6,clear
FNDA:3,getAll
DA:1,1
DA:3,1
DA:4,18
DA:7,1
DA:8,10
DA:11,1
DA:12,3
DA:15,1
DA:16,1
DA:19,1
DA:20,6
DA:23,1
DA:24,3
DA:27,1
LF:14
LH:14
BRF:0
BRH:0
end_of_record
TN:
SF:/Users/xyz/Sites/github/connect-cas2/lib/ptStroe.js
FN:18,PTStore
FN:22,(anonymous_2)
FN:31,(anonymous_3)
FN:44,(anonymous_4)
FN:71,(anonymous_5)
FN:80,(anonymous_6)
FN:92,(anonymous_7)
FN:96,(anonymous_8)
FNF:8
FNH:8
FNDA:42,PTStore
FNDA:11,(anonymous_2)
FNDA:11,(anonymous_3)
FNDA:18,(anonymous_4)
FNDA:4,(anonymous_5)
FNDA:3,(anonymous_6)
FNDA:2,(anonymous_7)
FNDA:2,(anonymous_8)
DA:1,1
DA:2,1
DA:4,1
DA:5,1
DA:7,1
DA:18,1
DA:19,42
DA:22,1
DA:23,11
DA:24,11
DA:27,11
DA:28,11
DA:29,11
DA:31,11
DA:32,11
DA:33,0
DA:34,0
DA:35,0
DA:38,11
DA:40,11
DA:44,1
DA:45,18
DA:46,18
DA:48,18
DA:49,18
DA:50,9
DA:51,9
DA:53,9
DA:54,9
DA:56,9
DA:57,2
DA:59,2
DA:62,7
DA:65,7
DA:67,9
DA:71,1
DA:72,4
DA:73,4
DA:74,4
DA:75,1
DA:76,1
DA:79,3
DA:80,3
DA:81,3
DA:82,0
DA:83,0
DA:84,0
DA:87,3
DA:88,3
DA:92,1
DA:93,2
DA:95,2
DA:96,2
DA:97,2
DA:98,2
DA:102,1
LF:56
LH:50
BRDA:24,1,0,4
BRDA:24,1,1,7
BRDA:32,2,0,0
BRDA:32,2,1,11
BRDA:46,3,0,7
BRDA:46,3,1,11
BRDA:49,4,0,9
BRDA:49,4,1,9
BRDA:56,5,0,2
BRDA:56,5,1,7
BRDA:73,6,0,0
BRDA:73,6,1,4
BRDA:74,7,0,1
BRDA:74,7,1,3
BRDA:81,8,0,0
BRDA:81,8,1,3
BRDA:93,9,0,0
BRDA:93,9,1,2
BRDA:97,10,0,0
BRDA:97,10,1,2
BRF:20
BRH:15
end_of_record
TN:
SF:/Users/xyz/Sites/github/connect-cas2/lib/clearRestletTGTs.js
FN:4,clearRestletTGTs
FN:15,next
FN:31,execQueue
FN:34,(anonymous_4)
FNF:4
FNH:4
FNDA:1,clearRestletTGTs
FNDA:2,next
FNDA:2,execQueue
FNDA:1,(anonymous_4)
DA:1,1
DA:2,1
DA:4,1
DA:5,1
DA:6,1
DA:7,1
DA:9,1
DA:11,1
DA:12,1
DA:15,1
DA:16,2
DA:17,1
DA:18,1
DA:21,1
DA:22,0
DA:23,0
DA:26,1
DA:27,1
DA:31,1
DA:32,2
DA:34,1
DA:35,1
DA:37,1
DA:42,1
LF:24
LH:22
BRDA:16,1,0,1
BRDA:16,1,1,1
BRDA:16,2,0,2
BRDA:16,2,1,2
BRDA:21,3,0,0
BRDA:21,3,1,1
BRDA:32,4,0,1
BRDA:32,4,1,1
BRDA:35,5,0,0
BRDA:35,5,1,1
BRF:10
BRH:8
end_of_record
